{"C:\\Users\\olabi\\Projects\\PhpstormProjects\\aql-project\\postcss.config.js": {"path":"C:\\Users\\olabi\\Projects\\PhpstormProjects\\aql-project\\postcss.config.js","all":true,"statementMap":{"0":{"start":{"line":1,"column":0},"end":{"line":1,"column":16}},"1":{"start":{"line":2,"column":0},"end":{"line":2,"column":14}},"2":{"start":{"line":3,"column":0},"end":{"line":3,"column":24}},"3":{"start":{"line":4,"column":0},"end":{"line":4,"column":25}},"4":{"start":{"line":5,"column":0},"end":{"line":5,"column":6}},"5":{"start":{"line":6,"column":0},"end":{"line":6,"column":2}}},"s":{"0":0,"1":0,"2":0,"3":0,"4":0,"5":0},"branchMap":{"0":{"type":"branch","line":1,"loc":{"start":{"line":1,"column":0},"end":{"line":6,"column":-13}},"locations":[{"start":{"line":1,"column":0},"end":{"line":6,"column":-13}}]}},"b":{"0":[0]},"fnMap":{"0":{"name":"(empty-report)","decl":{"start":{"line":1,"column":0},"end":{"line":6,"column":-13}},"loc":{"start":{"line":1,"column":0},"end":{"line":6,"column":-13}},"line":1}},"f":{"0":0}}
,"C:\\Users\\olabi\\Projects\\PhpstormProjects\\aql-project\\tailwind.config.js": {"path":"C:\\Users\\olabi\\Projects\\PhpstormProjects\\aql-project\\tailwind.config.js","all":true,"statementMap":{"0":{"start":{"line":1,"column":0},"end":{"line":1,"column":52}},"2":{"start":{"line":3,"column":0},"end":{"line":3,"column":43}},"3":{"start":{"line":4,"column":0},"end":{"line":4,"column":16}},"4":{"start":{"line":5,"column":0},"end":{"line":5,"column":14}},"5":{"start":{"line":6,"column":0},"end":{"line":6,"column":91}},"6":{"start":{"line":7,"column":0},"end":{"line":7,"column":42}},"7":{"start":{"line":8,"column":0},"end":{"line":8,"column":37}},"8":{"start":{"line":9,"column":0},"end":{"line":9,"column":30}},"9":{"start":{"line":10,"column":0},"end":{"line":10,"column":31}},"10":{"start":{"line":11,"column":0},"end":{"line":11,"column":6}},"11":{"start":{"line":12,"column":0},"end":{"line":12,"column":12}},"12":{"start":{"line":13,"column":0},"end":{"line":13,"column":17}},"13":{"start":{"line":14,"column":0},"end":{"line":14,"column":25}},"14":{"start":{"line":15,"column":0},"end":{"line":15,"column":67}},"15":{"start":{"line":16,"column":0},"end":{"line":16,"column":14}},"16":{"start":{"line":17,"column":0},"end":{"line":17,"column":10}},"17":{"start":{"line":18,"column":0},"end":{"line":18,"column":6}},"18":{"start":{"line":19,"column":0},"end":{"line":19,"column":16}},"19":{"start":{"line":20,"column":0},"end":{"line":20,"column":2}}},"s":{"0":0,"2":0,"3":0,"4":0,"5":0,"6":0,"7":0,"8":0,"9":0,"10":0,"11":0,"12":0,"13":0,"14":0,"15":0,"16":0,"17":0,"18":0,"19":0},"branchMap":{"0":{"type":"branch","line":1,"loc":{"start":{"line":1,"column":0},"end":{"line":20,"column":-69}},"locations":[{"start":{"line":1,"column":0},"end":{"line":20,"column":-69}}]}},"b":{"0":[0]},"fnMap":{"0":{"name":"(empty-report)","decl":{"start":{"line":1,"column":0},"end":{"line":20,"column":-69}},"loc":{"start":{"line":1,"column":0},"end":{"line":20,"column":-69}},"line":1}},"f":{"0":0}}
,"C:\\Users\\olabi\\Projects\\PhpstormProjects\\aql-project\\resources\\js\\app.ts": {"path":"C:\\Users\\olabi\\Projects\\PhpstormProjects\\aql-project\\resources\\js\\app.ts","all":true,"statementMap":{"0":{"start":{"line":1,"column":0},"end":{"line":1,"column":21}},"1":{"start":{"line":2,"column":0},"end":{"line":2,"column":29}},"2":{"start":{"line":3,"column":0},"end":{"line":3,"column":33}},"3":{"start":{"line":4,"column":0},"end":{"line":4,"column":67}},"4":{"start":{"line":5,"column":0},"end":{"line":5,"column":27}},"5":{"start":{"line":6,"column":0},"end":{"line":6,"column":29}},"6":{"start":{"line":7,"column":0},"end":{"line":7,"column":39}},"7":{"start":{"line":8,"column":0},"end":{"line":8,"column":32}},"8":{"start":{"line":9,"column":0},"end":{"line":9,"column":49}},"9":{"start":{"line":10,"column":0},"end":{"line":10,"column":57}},"10":{"start":{"line":11,"column":0},"end":{"line":11,"column":38}},"12":{"start":{"line":13,"column":0},"end":{"line":13,"column":27}},"13":{"start":{"line":14,"column":0},"end":{"line":14,"column":36}},"15":{"start":{"line":16,"column":0},"end":{"line":16,"column":26}},"16":{"start":{"line":17,"column":0},"end":{"line":17,"column":13}},"17":{"start":{"line":18,"column":0},"end":{"line":18,"column":8}},"18":{"start":{"line":19,"column":0},"end":{"line":19,"column":106}},"19":{"start":{"line":20,"column":0},"end":{"line":20,"column":3}},"20":{"start":{"line":21,"column":0},"end":{"line":21,"column":21}},"21":{"start":{"line":22,"column":0},"end":{"line":22,"column":14}},"22":{"start":{"line":23,"column":0},"end":{"line":23,"column":15}},"23":{"start":{"line":24,"column":0},"end":{"line":24,"column":16}},"24":{"start":{"line":25,"column":0},"end":{"line":25,"column":17}}},"s":{"0":0,"1":0,"2":0,"3":0,"4":0,"5":0,"6":0,"7":0,"8":0,"9":0,"10":0,"12":0,"13":0,"15":0,"16":0,"17":0,"18":0,"19":0,"20":0,"21":0,"22":0,"23":0,"24":0},"branchMap":{"0":{"type":"branch","line":1,"loc":{"start":{"line":1,"column":0},"end":{"line":25,"column":-479}},"locations":[{"start":{"line":1,"column":0},"end":{"line":25,"column":-479}}]}},"b":{"0":[0]},"fnMap":{"0":{"name":"(empty-report)","decl":{"start":{"line":1,"column":0},"end":{"line":25,"column":-479}},"loc":{"start":{"line":1,"column":0},"end":{"line":25,"column":-479}},"line":1}},"f":{"0":0}}
,"C:\\Users\\olabi\\Projects\\PhpstormProjects\\aql-project\\resources\\js\\bootstrap.js": {"path":"C:\\Users\\olabi\\Projects\\PhpstormProjects\\aql-project\\resources\\js\\bootstrap.js","all":true,"statementMap":{"0":{"start":{"line":1,"column":0},"end":{"line":1,"column":26}},"1":{"start":{"line":2,"column":0},"end":{"line":2,"column":21}},"3":{"start":{"line":4,"column":0},"end":{"line":4,"column":76}}},"s":{"0":0,"1":0,"3":0},"branchMap":{"0":{"type":"branch","line":1,"loc":{"start":{"line":1,"column":0},"end":{"line":4,"column":-3}},"locations":[{"start":{"line":1,"column":0},"end":{"line":4,"column":-3}}]}},"b":{"0":[0]},"fnMap":{"0":{"name":"(empty-report)","decl":{"start":{"line":1,"column":0},"end":{"line":4,"column":-3}},"loc":{"start":{"line":1,"column":0},"end":{"line":4,"column":-3}},"line":1}},"f":{"0":0}}
,"C:\\Users\\olabi\\Projects\\PhpstormProjects\\aql-project\\resources\\js\\src\\App.vue": {"path":"C:\\Users\\olabi\\Projects\\PhpstormProjects\\aql-project\\resources\\js\\src\\App.vue","all":true,"statementMap":{"0":{"start":{"line":1,"column":0},"end":{"line":1,"column":24}},"1":{"start":{"line":2,"column":0},"end":{"line":2,"column":24}},"2":{"start":{"line":3,"column":0},"end":{"line":3,"column":42}},"3":{"start":{"line":4,"column":0},"end":{"line":4,"column":37}},"4":{"start":{"line":5,"column":0},"end":{"line":5,"column":36}},"6":{"start":{"line":7,"column":0},"end":{"line":7,"column":27}},"7":{"start":{"line":8,"column":0},"end":{"line":8,"column":33}},"8":{"start":{"line":9,"column":0},"end":{"line":9,"column":26}},"10":{"start":{"line":11,"column":0},"end":{"line":11,"column":25}},"11":{"start":{"line":12,"column":0},"end":{"line":12,"column":45}},"13":{"start":{"line":14,"column":0},"end":{"line":14,"column":18}},"14":{"start":{"line":15,"column":0},"end":{"line":15,"column":59}},"15":{"start":{"line":16,"column":0},"end":{"line":16,"column":31}},"16":{"start":{"line":17,"column":0},"end":{"line":17,"column":5}},"17":{"start":{"line":18,"column":0},"end":{"line":18,"column":1}},"21":{"start":{"line":22,"column":0},"end":{"line":22,"column":11}},"22":{"start":{"line":23,"column":0},"end":{"line":23,"column":39}},"23":{"start":{"line":24,"column":0},"end":{"line":24,"column":31}},"24":{"start":{"line":25,"column":0},"end":{"line":25,"column":33}},"25":{"start":{"line":26,"column":0},"end":{"line":26,"column":41}},"26":{"start":{"line":27,"column":0},"end":{"line":27,"column":34}},"28":{"start":{"line":29,"column":0},"end":{"line":29,"column":54}},"29":{"start":{"line":30,"column":0},"end":{"line":30,"column":76}},"31":{"start":{"line":32,"column":0},"end":{"line":32,"column":30}},"32":{"start":{"line":33,"column":0},"end":{"line":33,"column":30}},"34":{"start":{"line":35,"column":0},"end":{"line":35,"column":47}},"35":{"start":{"line":36,"column":0},"end":{"line":36,"column":45}},"36":{"start":{"line":37,"column":0},"end":{"line":37,"column":51}},"38":{"start":{"line":39,"column":0},"end":{"line":39,"column":24}},"40":{"start":{"line":41,"column":0},"end":{"line":41,"column":60}},"41":{"start":{"line":42,"column":0},"end":{"line":42,"column":58}},"42":{"start":{"line":43,"column":0},"end":{"line":43,"column":73}},"44":{"start":{"line":45,"column":0},"end":{"line":45,"column":28}},"45":{"start":{"line":46,"column":0},"end":{"line":46,"column":28}},"46":{"start":{"line":47,"column":0},"end":{"line":47,"column":63}},"47":{"start":{"line":48,"column":0},"end":{"line":48,"column":65}},"48":{"start":{"line":49,"column":0},"end":{"line":49,"column":81}},"50":{"start":{"line":51,"column":0},"end":{"line":51,"column":36}},"52":{"start":{"line":53,"column":0},"end":{"line":53,"column":32}},"53":{"start":{"line":54,"column":0},"end":{"line":54,"column":65}},"54":{"start":{"line":55,"column":0},"end":{"line":55,"column":88}},"55":{"start":{"line":56,"column":0},"end":{"line":56,"column":42}},"56":{"start":{"line":57,"column":0},"end":{"line":57,"column":64}},"57":{"start":{"line":58,"column":0},"end":{"line":58,"column":98}},"58":{"start":{"line":59,"column":0},"end":{"line":59,"column":42}},"59":{"start":{"line":60,"column":0},"end":{"line":60,"column":33}},"60":{"start":{"line":61,"column":0},"end":{"line":61,"column":29}},"61":{"start":{"line":62,"column":0},"end":{"line":62,"column":61}},"62":{"start":{"line":63,"column":0},"end":{"line":63,"column":57}},"64":{"start":{"line":65,"column":0},"end":{"line":65,"column":28}},"65":{"start":{"line":66,"column":0},"end":{"line":66,"column":27}},"66":{"start":{"line":67,"column":0},"end":{"line":67,"column":23}},"68":{"start":{"line":69,"column":0},"end":{"line":69,"column":33}},"70":{"start":{"line":71,"column":0},"end":{"line":71,"column":56}},"71":{"start":{"line":72,"column":0},"end":{"line":72,"column":24}},"72":{"start":{"line":73,"column":0},"end":{"line":73,"column":59}},"73":{"start":{"line":74,"column":0},"end":{"line":74,"column":30}},"74":{"start":{"line":75,"column":0},"end":{"line":75,"column":59}},"75":{"start":{"line":76,"column":0},"end":{"line":76,"column":32}},"76":{"start":{"line":77,"column":0},"end":{"line":77,"column":42}},"78":{"start":{"line":79,"column":0},"end":{"line":79,"column":64}},"79":{"start":{"line":80,"column":0},"end":{"line":80,"column":73}},"80":{"start":{"line":81,"column":0},"end":{"line":81,"column":75}},"81":{"start":{"line":82,"column":0},"end":{"line":82,"column":39}},"82":{"start":{"line":83,"column":0},"end":{"line":83,"column":39}},"83":{"start":{"line":84,"column":0},"end":{"line":84,"column":32}},"85":{"start":{"line":86,"column":0},"end":{"line":86,"column":28}},"86":{"start":{"line":87,"column":0},"end":{"line":87,"column":36}},"87":{"start":{"line":88,"column":0},"end":{"line":88,"column":57}},"88":{"start":{"line":89,"column":0},"end":{"line":89,"column":46}},"89":{"start":{"line":90,"column":0},"end":{"line":90,"column":41}},"90":{"start":{"line":91,"column":0},"end":{"line":91,"column":39}},"91":{"start":{"line":92,"column":0},"end":{"line":92,"column":47}},"92":{"start":{"line":93,"column":0},"end":{"line":93,"column":36}},"93":{"start":{"line":94,"column":0},"end":{"line":94,"column":56}},"94":{"start":{"line":95,"column":0},"end":{"line":95,"column":50}},"95":{"start":{"line":96,"column":0},"end":{"line":96,"column":43}},"96":{"start":{"line":97,"column":0},"end":{"line":97,"column":39}},"97":{"start":{"line":98,"column":0},"end":{"line":98,"column":29}},"98":{"start":{"line":99,"column":0},"end":{"line":99,"column":25}},"101":{"start":{"line":102,"column":0},"end":{"line":102,"column":50}},"102":{"start":{"line":103,"column":0},"end":{"line":103,"column":52}},"104":{"start":{"line":105,"column":0},"end":{"line":105,"column":24}},"106":{"start":{"line":107,"column":0},"end":{"line":107,"column":20}},"108":{"start":{"line":109,"column":0},"end":{"line":109,"column":56}},"109":{"start":{"line":110,"column":0},"end":{"line":110,"column":20}},"110":{"start":{"line":111,"column":0},"end":{"line":111,"column":28}},"111":{"start":{"line":112,"column":0},"end":{"line":112,"column":26}},"112":{"start":{"line":113,"column":0},"end":{"line":113,"column":43}},"113":{"start":{"line":114,"column":0},"end":{"line":114,"column":35}},"114":{"start":{"line":115,"column":0},"end":{"line":115,"column":31}},"116":{"start":{"line":117,"column":0},"end":{"line":117,"column":60}},"117":{"start":{"line":118,"column":0},"end":{"line":118,"column":32}},"118":{"start":{"line":119,"column":0},"end":{"line":119,"column":39}},"119":{"start":{"line":120,"column":0},"end":{"line":120,"column":65}},"120":{"start":{"line":121,"column":0},"end":{"line":121,"column":41}},"121":{"start":{"line":122,"column":0},"end":{"line":122,"column":35}},"122":{"start":{"line":123,"column":0},"end":{"line":123,"column":32}},"123":{"start":{"line":124,"column":0},"end":{"line":124,"column":47}},"124":{"start":{"line":125,"column":0},"end":{"line":125,"column":65}},"125":{"start":{"line":126,"column":0},"end":{"line":126,"column":49}},"126":{"start":{"line":127,"column":0},"end":{"line":127,"column":35}},"127":{"start":{"line":128,"column":0},"end":{"line":128,"column":32}},"128":{"start":{"line":129,"column":0},"end":{"line":129,"column":46}},"129":{"start":{"line":130,"column":0},"end":{"line":130,"column":65}},"130":{"start":{"line":131,"column":0},"end":{"line":131,"column":59}},"131":{"start":{"line":132,"column":0},"end":{"line":132,"column":35}},"132":{"start":{"line":133,"column":0},"end":{"line":133,"column":32}},"133":{"start":{"line":134,"column":0},"end":{"line":134,"column":42}},"134":{"start":{"line":135,"column":0},"end":{"line":135,"column":49}},"135":{"start":{"line":136,"column":0},"end":{"line":136,"column":42}},"136":{"start":{"line":137,"column":0},"end":{"line":137,"column":35}},"137":{"start":{"line":138,"column":0},"end":{"line":138,"column":27}},"139":{"start":{"line":140,"column":0},"end":{"line":140,"column":39}},"141":{"start":{"line":142,"column":0},"end":{"line":142,"column":60}},"142":{"start":{"line":143,"column":0},"end":{"line":143,"column":32}},"143":{"start":{"line":144,"column":0},"end":{"line":144,"column":37}},"144":{"start":{"line":145,"column":0},"end":{"line":145,"column":50}},"145":{"start":{"line":146,"column":0},"end":{"line":146,"column":42}},"146":{"start":{"line":147,"column":0},"end":{"line":147,"column":35}},"147":{"start":{"line":148,"column":0},"end":{"line":148,"column":32}},"148":{"start":{"line":149,"column":0},"end":{"line":149,"column":49}},"149":{"start":{"line":150,"column":0},"end":{"line":150,"column":46}},"150":{"start":{"line":151,"column":0},"end":{"line":151,"column":39}},"151":{"start":{"line":152,"column":0},"end":{"line":152,"column":35}},"152":{"start":{"line":153,"column":0},"end":{"line":153,"column":27}},"154":{"start":{"line":155,"column":0},"end":{"line":155,"column":32}},"155":{"start":{"line":156,"column":0},"end":{"line":156,"column":35}},"156":{"start":{"line":157,"column":0},"end":{"line":157,"column":48}},"157":{"start":{"line":158,"column":0},"end":{"line":158,"column":41}},"158":{"start":{"line":159,"column":0},"end":{"line":159,"column":35}},"160":{"start":{"line":161,"column":0},"end":{"line":161,"column":21}},"161":{"start":{"line":162,"column":0},"end":{"line":162,"column":30}},"163":{"start":{"line":164,"column":0},"end":{"line":164,"column":16}},"164":{"start":{"line":165,"column":0},"end":{"line":165,"column":26}},"165":{"start":{"line":166,"column":0},"end":{"line":166,"column":17}},"167":{"start":{"line":168,"column":0},"end":{"line":168,"column":48}},"168":{"start":{"line":169,"column":0},"end":{"line":169,"column":47}},"169":{"start":{"line":170,"column":0},"end":{"line":170,"column":52}},"170":{"start":{"line":171,"column":0},"end":{"line":171,"column":81}},"171":{"start":{"line":172,"column":0},"end":{"line":172,"column":24}},"173":{"start":{"line":174,"column":0},"end":{"line":174,"column":52}},"174":{"start":{"line":175,"column":0},"end":{"line":175,"column":117}},"175":{"start":{"line":176,"column":0},"end":{"line":176,"column":24}},"176":{"start":{"line":177,"column":0},"end":{"line":177,"column":20}},"177":{"start":{"line":178,"column":0},"end":{"line":178,"column":19}},"178":{"start":{"line":179,"column":0},"end":{"line":179,"column":12}}},"s":{"0":0,"1":0,"2":0,"3":0,"4":0,"6":0,"7":0,"8":0,"10":0,"11":0,"13":0,"14":0,"15":0,"16":0,"17":0,"21":0,"22":0,"23":0,"24":0,"25":0,"26":0,"28":0,"29":0,"31":0,"32":0,"34":0,"35":0,"36":0,"38":0,"40":0,"41":0,"42":0,"44":0,"45":0,"46":0,"47":0,"48":0,"50":0,"52":0,"53":0,"54":0,"55":0,"56":0,"57":0,"58":0,"59":0,"60":0,"61":0,"62":0,"64":0,"65":0,"66":0,"68":0,"70":0,"71":0,"72":0,"73":0,"74":0,"75":0,"76":0,"78":0,"79":0,"80":0,"81":0,"82":0,"83":0,"85":0,"86":0,"87":0,"88":0,"89":0,"90":0,"91":0,"92":0,"93":0,"94":0,"95":0,"96":0,"97":0,"98":0,"101":0,"102":0,"104":0,"106":0,"108":0,"109":0,"110":0,"111":0,"112":0,"113":0,"114":0,"116":0,"117":0,"118":0,"119":0,"120":0,"121":0,"122":0,"123":0,"124":0,"125":0,"126":0,"127":0,"128":0,"129":0,"130":0,"131":0,"132":0,"133":0,"134":0,"135":0,"136":0,"137":0,"139":0,"141":0,"142":0,"143":0,"144":0,"145":0,"146":0,"147":0,"148":0,"149":0,"150":0,"151":0,"152":0,"154":0,"155":0,"156":0,"157":0,"158":0,"160":0,"161":0,"163":0,"164":0,"165":0,"167":0,"168":0,"169":0,"170":0,"171":0,"173":0,"174":0,"175":0,"176":0,"177":0,"178":0},"branchMap":{"0":{"type":"branch","line":1,"loc":{"start":{"line":1,"column":6689},"end":{"line":180,"column":11}},"locations":[{"start":{"line":1,"column":6689},"end":{"line":180,"column":11}}]}},"b":{"0":[0]},"fnMap":{"0":{"name":"(empty-report)","decl":{"start":{"line":1,"column":6689},"end":{"line":180,"column":11}},"loc":{"start":{"line":1,"column":6689},"end":{"line":180,"column":11}},"line":1}},"f":{"0":0}}
,"C:\\Users\\olabi\\Projects\\PhpstormProjects\\aql-project\\resources\\js\\src\\axios\\index.ts": {"path":"C:\\Users\\olabi\\Projects\\PhpstormProjects\\aql-project\\resources\\js\\src\\axios\\index.ts","all":false,"statementMap":{"0":{"start":{"line":1,"column":0},"end":{"line":1,"column":98}},"1":{"start":{"line":2,"column":0},"end":{"line":2,"column":42}},"3":{"start":{"line":4,"column":0},"end":{"line":4,"column":47}},"4":{"start":{"line":5,"column":0},"end":{"line":5,"column":47}},"5":{"start":{"line":6,"column":0},"end":{"line":6,"column":3}},"7":{"start":{"line":8,"column":0},"end":{"line":8,"column":76}},"8":{"start":{"line":9,"column":0},"end":{"line":9,"column":37}},"9":{"start":{"line":10,"column":0},"end":{"line":10,"column":47}},"10":{"start":{"line":11,"column":0},"end":{"line":11,"column":42}},"11":{"start":{"line":12,"column":0},"end":{"line":12,"column":60}},"12":{"start":{"line":13,"column":0},"end":{"line":13,"column":5}},"14":{"start":{"line":15,"column":0},"end":{"line":15,"column":69}},"15":{"start":{"line":16,"column":0},"end":{"line":16,"column":18}},"16":{"start":{"line":17,"column":0},"end":{"line":17,"column":3}},"18":{"start":{"line":19,"column":0},"end":{"line":19,"column":36}},"19":{"start":{"line":20,"column":0},"end":{"line":20,"column":42}},"20":{"start":{"line":21,"column":0},"end":{"line":21,"column":28}},"21":{"start":{"line":22,"column":0},"end":{"line":22,"column":40}},"22":{"start":{"line":23,"column":0},"end":{"line":23,"column":44}},"23":{"start":{"line":24,"column":0},"end":{"line":24,"column":44}},"24":{"start":{"line":25,"column":0},"end":{"line":25,"column":33}},"25":{"start":{"line":26,"column":0},"end":{"line":26,"column":65}},"26":{"start":{"line":27,"column":0},"end":{"line":27,"column":43}},"27":{"start":{"line":28,"column":0},"end":{"line":28,"column":13}},"28":{"start":{"line":29,"column":0},"end":{"line":29,"column":56}},"29":{"start":{"line":30,"column":0},"end":{"line":30,"column":9}},"31":{"start":{"line":32,"column":0},"end":{"line":32,"column":37}},"32":{"start":{"line":33,"column":0},"end":{"line":33,"column":5}},"33":{"start":{"line":34,"column":0},"end":{"line":34,"column":2}},"35":{"start":{"line":36,"column":0},"end":{"line":36,"column":25}}},"s":{"0":1,"1":1,"3":1,"4":1,"5":1,"7":1,"8":1,"9":1,"10":1,"11":1,"12":1,"14":1,"15":1,"16":1,"18":1,"19":1,"20":1,"21":1,"22":1,"23":0,"24":0,"25":0,"26":0,"27":0,"28":0,"29":0,"31":1,"32":1,"33":1,"35":1},"branchMap":{"0":{"type":"branch","line":8,"loc":{"start":{"line":8,"column":35},"end":{"line":17,"column":3}},"locations":[{"start":{"line":8,"column":35},"end":{"line":17,"column":3}}]},"1":{"type":"branch","line":15,"loc":{"start":{"line":15,"column":55},"end":{"line":15,"column":66}},"locations":[{"start":{"line":15,"column":55},"end":{"line":15,"column":66}}]},"2":{"type":"branch","line":21,"loc":{"start":{"line":21,"column":4},"end":{"line":33,"column":5}},"locations":[{"start":{"line":21,"column":4},"end":{"line":33,"column":5}}]},"3":{"type":"branch","line":23,"loc":{"start":{"line":23,"column":18},"end":{"line":23,"column":38}},"locations":[{"start":{"line":23,"column":18},"end":{"line":23,"column":38}}]},"4":{"type":"branch","line":23,"loc":{"start":{"line":23,"column":43},"end":{"line":30,"column":9}},"locations":[{"start":{"line":23,"column":43},"end":{"line":30,"column":9}}]}},"b":{"0":[1],"1":[0],"2":[1],"3":[0],"4":[0]},"fnMap":{},"f":{}}
,"C:\\Users\\olabi\\Projects\\PhpstormProjects\\aql-project\\resources\\js\\src\\components\\DocumentCard.vue": {"path":"C:\\Users\\olabi\\Projects\\PhpstormProjects\\aql-project\\resources\\js\\src\\components\\DocumentCard.vue","all":false,"statementMap":{"0":{"start":{"line":1,"column":0},"end":{"line":1,"column":24}},"1":{"start":{"line":2,"column":0},"end":{"line":2,"column":26}},"2":{"start":{"line":3,"column":0},"end":{"line":3,"column":70}},"3":{"start":{"line":4,"column":0},"end":{"line":4,"column":44}},"4":{"start":{"line":5,"column":0},"end":{"line":5,"column":53}},"5":{"start":{"line":6,"column":0},"end":{"line":6,"column":36}},"7":{"start":{"line":8,"column":0},"end":{"line":8,"column":27}},"20":{"start":{"line":21,"column":0},"end":{"line":21,"column":34}},"21":{"start":{"line":22,"column":0},"end":{"line":22,"column":37}},"23":{"start":{"line":24,"column":0},"end":{"line":24,"column":37}},"24":{"start":{"line":25,"column":0},"end":{"line":25,"column":36}},"25":{"start":{"line":26,"column":0},"end":{"line":26,"column":27}},"26":{"start":{"line":27,"column":0},"end":{"line":27,"column":26}},"28":{"start":{"line":29,"column":0},"end":{"line":29,"column":29}},"29":{"start":{"line":30,"column":0},"end":{"line":30,"column":18}},"30":{"start":{"line":31,"column":0},"end":{"line":31,"column":14}},"31":{"start":{"line":32,"column":0},"end":{"line":32,"column":3}},"33":{"start":{"line":34,"column":0},"end":{"line":34,"column":75}},"35":{"start":{"line":36,"column":0},"end":{"line":36,"column":21}},"36":{"start":{"line":37,"column":0},"end":{"line":37,"column":55}},"37":{"start":{"line":38,"column":0},"end":{"line":38,"column":77}},"38":{"start":{"line":39,"column":0},"end":{"line":39,"column":2}},"40":{"start":{"line":41,"column":0},"end":{"line":41,"column":32}},"41":{"start":{"line":42,"column":0},"end":{"line":42,"column":65}},"42":{"start":{"line":43,"column":0},"end":{"line":43,"column":32}},"43":{"start":{"line":44,"column":0},"end":{"line":44,"column":7}},"45":{"start":{"line":46,"column":0},"end":{"line":46,"column":27}},"46":{"start":{"line":47,"column":0},"end":{"line":47,"column":78}},"47":{"start":{"line":48,"column":0},"end":{"line":48,"column":53}},"48":{"start":{"line":49,"column":0},"end":{"line":49,"column":9}},"49":{"start":{"line":50,"column":0},"end":{"line":50,"column":5}},"51":{"start":{"line":52,"column":0},"end":{"line":52,"column":18}},"52":{"start":{"line":53,"column":0},"end":{"line":53,"column":40}},"53":{"start":{"line":54,"column":0},"end":{"line":54,"column":55}},"54":{"start":{"line":55,"column":0},"end":{"line":55,"column":5}},"55":{"start":{"line":56,"column":0},"end":{"line":56,"column":1}},"57":{"start":{"line":58,"column":0},"end":{"line":58,"column":34}},"58":{"start":{"line":59,"column":0},"end":{"line":59,"column":64}},"60":{"start":{"line":61,"column":0},"end":{"line":61,"column":16}},"61":{"start":{"line":62,"column":0},"end":{"line":62,"column":30}},"62":{"start":{"line":63,"column":0},"end":{"line":63,"column":40}},"63":{"start":{"line":64,"column":0},"end":{"line":64,"column":35}},"64":{"start":{"line":65,"column":0},"end":{"line":65,"column":50}},"65":{"start":{"line":66,"column":0},"end":{"line":66,"column":38}},"66":{"start":{"line":67,"column":0},"end":{"line":67,"column":5}},"67":{"start":{"line":68,"column":0},"end":{"line":68,"column":1}},"69":{"start":{"line":70,"column":0},"end":{"line":70,"column":34}},"70":{"start":{"line":71,"column":0},"end":{"line":71,"column":58}},"71":{"start":{"line":72,"column":0},"end":{"line":72,"column":24}},"72":{"start":{"line":73,"column":0},"end":{"line":73,"column":51}},"73":{"start":{"line":74,"column":0},"end":{"line":74,"column":1}},"77":{"start":{"line":78,"column":0},"end":{"line":78,"column":42}},"78":{"start":{"line":79,"column":0},"end":{"line":79,"column":74}},"79":{"start":{"line":80,"column":0},"end":{"line":80,"column":25}},"80":{"start":{"line":81,"column":0},"end":{"line":81,"column":59}},"81":{"start":{"line":82,"column":0},"end":{"line":82,"column":28}},"82":{"start":{"line":83,"column":0},"end":{"line":83,"column":39}},"83":{"start":{"line":84,"column":0},"end":{"line":84,"column":60}},"84":{"start":{"line":85,"column":0},"end":{"line":85,"column":44}},"85":{"start":{"line":86,"column":0},"end":{"line":86,"column":26}},"86":{"start":{"line":87,"column":0},"end":{"line":87,"column":21}},"87":{"start":{"line":88,"column":0},"end":{"line":88,"column":50}},"88":{"start":{"line":89,"column":0},"end":{"line":89,"column":64}},"89":{"start":{"line":90,"column":0},"end":{"line":90,"column":48}},"90":{"start":{"line":91,"column":0},"end":{"line":91,"column":43}},"91":{"start":{"line":92,"column":0},"end":{"line":92,"column":64}},"92":{"start":{"line":93,"column":0},"end":{"line":93,"column":56}},"93":{"start":{"line":94,"column":0},"end":{"line":94,"column":18}},"94":{"start":{"line":95,"column":0},"end":{"line":95,"column":42}},"95":{"start":{"line":96,"column":0},"end":{"line":96,"column":23}},"96":{"start":{"line":97,"column":0},"end":{"line":97,"column":43}},"97":{"start":{"line":98,"column":0},"end":{"line":98,"column":33}},"98":{"start":{"line":99,"column":0},"end":{"line":99,"column":32}},"99":{"start":{"line":100,"column":0},"end":{"line":100,"column":37}},"101":{"start":{"line":102,"column":0},"end":{"line":102,"column":34}},"102":{"start":{"line":103,"column":0},"end":{"line":103,"column":25}},"103":{"start":{"line":104,"column":0},"end":{"line":104,"column":18}},"104":{"start":{"line":105,"column":0},"end":{"line":105,"column":22}},"105":{"start":{"line":106,"column":0},"end":{"line":106,"column":24}},"106":{"start":{"line":107,"column":0},"end":{"line":107,"column":78}},"107":{"start":{"line":108,"column":0},"end":{"line":108,"column":51}},"108":{"start":{"line":109,"column":0},"end":{"line":109,"column":20}},"109":{"start":{"line":110,"column":0},"end":{"line":110,"column":18}},"110":{"start":{"line":111,"column":0},"end":{"line":111,"column":30}},"111":{"start":{"line":112,"column":0},"end":{"line":112,"column":33}},"112":{"start":{"line":113,"column":0},"end":{"line":113,"column":45}},"113":{"start":{"line":114,"column":0},"end":{"line":114,"column":59}},"115":{"start":{"line":116,"column":0},"end":{"line":116,"column":63}},"116":{"start":{"line":117,"column":0},"end":{"line":117,"column":20}},"117":{"start":{"line":118,"column":0},"end":{"line":118,"column":70}},"118":{"start":{"line":119,"column":0},"end":{"line":119,"column":55}},"119":{"start":{"line":120,"column":0},"end":{"line":120,"column":74}},"120":{"start":{"line":121,"column":0},"end":{"line":121,"column":64}},"121":{"start":{"line":122,"column":0},"end":{"line":122,"column":28}},"123":{"start":{"line":124,"column":0},"end":{"line":124,"column":24}},"124":{"start":{"line":125,"column":0},"end":{"line":125,"column":67}},"125":{"start":{"line":126,"column":0},"end":{"line":126,"column":74}},"126":{"start":{"line":127,"column":0},"end":{"line":127,"column":34}},"127":{"start":{"line":128,"column":0},"end":{"line":128,"column":33}},"128":{"start":{"line":129,"column":0},"end":{"line":129,"column":42}},"129":{"start":{"line":130,"column":0},"end":{"line":130,"column":52}},"130":{"start":{"line":131,"column":0},"end":{"line":131,"column":57}},"131":{"start":{"line":132,"column":0},"end":{"line":132,"column":25}},"133":{"start":{"line":134,"column":0},"end":{"line":134,"column":44}},"134":{"start":{"line":135,"column":0},"end":{"line":135,"column":34}},"135":{"start":{"line":136,"column":0},"end":{"line":136,"column":25}},"136":{"start":{"line":137,"column":0},"end":{"line":137,"column":21}},"137":{"start":{"line":138,"column":0},"end":{"line":138,"column":25}},"138":{"start":{"line":139,"column":0},"end":{"line":139,"column":13}},"140":{"start":{"line":141,"column":0},"end":{"line":141,"column":60}},"141":{"start":{"line":142,"column":0},"end":{"line":142,"column":16}},"142":{"start":{"line":143,"column":0},"end":{"line":143,"column":61}},"143":{"start":{"line":144,"column":0},"end":{"line":144,"column":25}},"144":{"start":{"line":145,"column":0},"end":{"line":145,"column":45}},"145":{"start":{"line":146,"column":0},"end":{"line":146,"column":33}},"146":{"start":{"line":147,"column":0},"end":{"line":147,"column":44}},"147":{"start":{"line":148,"column":0},"end":{"line":148,"column":53}},"148":{"start":{"line":149,"column":0},"end":{"line":149,"column":44}},"149":{"start":{"line":150,"column":0},"end":{"line":150,"column":32}},"150":{"start":{"line":151,"column":0},"end":{"line":151,"column":52}},"151":{"start":{"line":152,"column":0},"end":{"line":152,"column":36}},"152":{"start":{"line":153,"column":0},"end":{"line":153,"column":42}},"153":{"start":{"line":154,"column":0},"end":{"line":154,"column":36}},"154":{"start":{"line":155,"column":0},"end":{"line":155,"column":41}},"157":{"start":{"line":158,"column":0},"end":{"line":158,"column":69}},"158":{"start":{"line":159,"column":0},"end":{"line":159,"column":36}},"159":{"start":{"line":160,"column":0},"end":{"line":160,"column":25}},"160":{"start":{"line":161,"column":0},"end":{"line":161,"column":26}},"161":{"start":{"line":162,"column":0},"end":{"line":162,"column":28}},"162":{"start":{"line":163,"column":0},"end":{"line":163,"column":71}},"164":{"start":{"line":165,"column":0},"end":{"line":165,"column":24}},"165":{"start":{"line":166,"column":0},"end":{"line":166,"column":22}},"166":{"start":{"line":167,"column":0},"end":{"line":167,"column":35}},"167":{"start":{"line":168,"column":0},"end":{"line":168,"column":49}},"168":{"start":{"line":169,"column":0},"end":{"line":169,"column":42}},"169":{"start":{"line":170,"column":0},"end":{"line":170,"column":17}},"171":{"start":{"line":172,"column":0},"end":{"line":172,"column":24}},"172":{"start":{"line":173,"column":0},"end":{"line":173,"column":29}},"173":{"start":{"line":174,"column":0},"end":{"line":174,"column":17}},"174":{"start":{"line":175,"column":0},"end":{"line":175,"column":15}},"176":{"start":{"line":177,"column":0},"end":{"line":177,"column":59}},"177":{"start":{"line":178,"column":0},"end":{"line":178,"column":16}},"178":{"start":{"line":179,"column":0},"end":{"line":179,"column":63}},"179":{"start":{"line":180,"column":0},"end":{"line":180,"column":25}},"180":{"start":{"line":181,"column":0},"end":{"line":181,"column":29}},"181":{"start":{"line":182,"column":0},"end":{"line":182,"column":40}},"182":{"start":{"line":183,"column":0},"end":{"line":183,"column":28}},"183":{"start":{"line":184,"column":0},"end":{"line":184,"column":50}},"184":{"start":{"line":185,"column":0},"end":{"line":185,"column":51}},"185":{"start":{"line":186,"column":0},"end":{"line":186,"column":32}},"186":{"start":{"line":187,"column":0},"end":{"line":187,"column":71}},"187":{"start":{"line":188,"column":0},"end":{"line":188,"column":26}},"188":{"start":{"line":189,"column":0},"end":{"line":189,"column":28}},"189":{"start":{"line":190,"column":0},"end":{"line":190,"column":70}},"191":{"start":{"line":192,"column":0},"end":{"line":192,"column":24}},"192":{"start":{"line":193,"column":0},"end":{"line":193,"column":29}},"193":{"start":{"line":194,"column":0},"end":{"line":194,"column":17}},"194":{"start":{"line":195,"column":0},"end":{"line":195,"column":15}}},"s":{"0":0,"1":1,"2":1,"3":1,"4":1,"5":1,"7":1,"20":1,"21":1,"23":1,"24":1,"25":1,"26":1,"28":1,"29":1,"30":1,"31":1,"33":1,"35":1,"36":1,"37":1,"38":1,"40":0,"41":0,"42":0,"43":0,"45":0,"46":0,"47":0,"48":0,"49":0,"51":0,"52":0,"53":0,"54":0,"55":0,"57":0,"58":0,"60":0,"61":0,"62":0,"63":0,"64":0,"65":0,"66":0,"67":0,"69":1,"70":1,"71":1,"72":1,"73":1,"77":1,"78":1,"79":1,"80":1,"81":1,"82":1,"83":1,"84":1,"85":1,"86":1,"87":1,"88":1,"89":1,"90":1,"91":1,"92":1,"93":1,"94":1,"95":1,"96":1,"97":1,"98":1,"99":1,"101":1,"102":1,"103":1,"104":1,"105":1,"106":1,"107":1,"108":1,"109":1,"110":1,"111":1,"112":1,"113":1,"115":1,"116":1,"117":1,"118":1,"119":1,"120":1,"121":1,"123":1,"124":1,"125":1,"126":1,"127":1,"128":1,"129":1,"130":1,"131":1,"133":1,"134":1,"135":1,"136":1,"137":1,"138":1,"140":1,"141":1,"142":1,"143":1,"144":1,"145":1,"146":1,"147":1,"148":1,"149":1,"150":1,"151":1,"152":1,"153":1,"154":1,"157":1,"158":1,"159":1,"160":1,"161":1,"162":1,"164":1,"165":1,"166":1,"167":1,"168":1,"169":1,"171":1,"172":1,"173":1,"174":1,"176":1,"177":1,"178":1,"179":1,"180":1,"181":1,"182":1,"183":1,"184":1,"185":1,"186":1,"187":1,"188":1,"189":1,"191":1,"192":1,"193":1,"194":1},"branchMap":{"0":{"type":"branch","line":70,"loc":{"start":{"line":70,"column":0},"end":{"line":74,"column":1}},"locations":[{"start":{"line":70,"column":0},"end":{"line":74,"column":1}}]},"1":{"type":"branch","line":79,"loc":{"start":{"line":79,"column":44},"end":{"line":79,"column":59}},"locations":[{"start":{"line":79,"column":44},"end":{"line":79,"column":59}}]},"2":{"type":"branch","line":81,"loc":{"start":{"line":81,"column":39},"end":{"line":81,"column":58}},"locations":[{"start":{"line":81,"column":39},"end":{"line":81,"column":58}}]},"3":{"type":"branch","line":84,"loc":{"start":{"line":84,"column":39},"end":{"line":84,"column":59}},"locations":[{"start":{"line":84,"column":39},"end":{"line":84,"column":59}}]},"4":{"type":"branch","line":89,"loc":{"start":{"line":89,"column":43},"end":{"line":89,"column":63}},"locations":[{"start":{"line":89,"column":43},"end":{"line":89,"column":63}}]},"5":{"type":"branch","line":92,"loc":{"start":{"line":92,"column":43},"end":{"line":92,"column":63}},"locations":[{"start":{"line":92,"column":43},"end":{"line":92,"column":63}}]},"6":{"type":"branch","line":102,"loc":{"start":{"line":102,"column":20},"end":{"line":102,"column":33}},"locations":[{"start":{"line":102,"column":20},"end":{"line":102,"column":33}}]},"7":{"type":"branch","line":1,"loc":{"start":{"line":1,"column":0},"end":{"line":1,"column":24}},"locations":[{"start":{"line":1,"column":0},"end":{"line":1,"column":24}}]},"8":{"type":"branch","line":108,"loc":{"start":{"line":108,"column":16},"end":{"line":109,"column":19}},"locations":[{"start":{"line":108,"column":16},"end":{"line":109,"column":19}}]},"9":{"type":"branch","line":108,"loc":{"start":{"line":108,"column":30},"end":{"line":108,"column":46}},"locations":[{"start":{"line":108,"column":30},"end":{"line":108,"column":46}}]},"10":{"type":"branch","line":114,"loc":{"start":{"line":114,"column":22},"end":{"line":114,"column":59}},"locations":[{"start":{"line":114,"column":22},"end":{"line":114,"column":59}}]},"11":{"type":"branch","line":116,"loc":{"start":{"line":116,"column":16},"end":{"line":117,"column":19}},"locations":[{"start":{"line":116,"column":16},"end":{"line":117,"column":19}}]},"12":{"type":"branch","line":116,"loc":{"start":{"line":116,"column":30},"end":{"line":116,"column":51}},"locations":[{"start":{"line":116,"column":30},"end":{"line":116,"column":51}}]},"13":{"type":"branch","line":121,"loc":{"start":{"line":121,"column":38},"end":{"line":121,"column":63}},"locations":[{"start":{"line":121,"column":38},"end":{"line":121,"column":63}}]}},"b":{"0":[1],"1":[3],"2":[3],"3":[3],"4":[3],"5":[3],"6":[6],"7":[0],"8":[3],"9":[3],"10":[1],"11":[3],"12":[3],"13":[3]},"fnMap":{"0":{"name":"email_rules","decl":{"start":{"line":38,"column":4},"end":{"line":38,"column":77}},"loc":{"start":{"line":38,"column":4},"end":{"line":38,"column":77}},"line":38},"1":{"name":"shareDocument","decl":{"start":{"line":41,"column":0},"end":{"line":56,"column":1}},"loc":{"start":{"line":41,"column":0},"end":{"line":56,"column":1}},"line":41},"2":{"name":"generateDocLink","decl":{"start":{"line":58,"column":0},"end":{"line":68,"column":1}},"loc":{"start":{"line":58,"column":0},"end":{"line":68,"column":1}},"line":58},"3":{"name":"copyToClipboard","decl":{"start":{"line":70,"column":0},"end":{"line":74,"column":1}},"loc":{"start":{"line":70,"column":0},"end":{"line":74,"column":1}},"line":70},"4":{"name":"onClick._cache.<computed>._cache.<computed>","decl":{"start":{"line":114,"column":22},"end":{"line":114,"column":59}},"loc":{"start":{"line":114,"column":22},"end":{"line":114,"column":59}},"line":114},"5":{"name":"onUpdate:modelValue._cache.<computed>._cache.<computed>","decl":{"start":{"line":141,"column":23},"end":{"line":141,"column":42}},"loc":{"start":{"line":141,"column":23},"end":{"line":141,"column":42}},"line":141},"6":{"name":"onUpdate:modelValue._cache.<computed>._cache.<computed>","decl":{"start":{"line":177,"column":23},"end":{"line":177,"column":41}},"loc":{"start":{"line":177,"column":23},"end":{"line":177,"column":41}},"line":177}},"f":{"0":0,"1":0,"2":0,"3":1,"4":1,"5":0,"6":0}}
,"C:\\Users\\olabi\\Projects\\PhpstormProjects\\aql-project\\resources\\js\\src\\components\\FiltreDocForm.vue": {"path":"C:\\Users\\olabi\\Projects\\PhpstormProjects\\aql-project\\resources\\js\\src\\components\\FiltreDocForm.vue","all":false,"statementMap":{"0":{"start":{"line":1,"column":0},"end":{"line":1,"column":24}},"1":{"start":{"line":2,"column":0},"end":{"line":2,"column":34}},"2":{"start":{"line":3,"column":0},"end":{"line":3,"column":51}},"4":{"start":{"line":5,"column":0},"end":{"line":5,"column":37}},"6":{"start":{"line":7,"column":0},"end":{"line":7,"column":27}},"13":{"start":{"line":14,"column":0},"end":{"line":14,"column":26}},"21":{"start":{"line":22,"column":0},"end":{"line":22,"column":27}},"22":{"start":{"line":23,"column":0},"end":{"line":23,"column":37}},"23":{"start":{"line":24,"column":0},"end":{"line":24,"column":36}},"24":{"start":{"line":25,"column":0},"end":{"line":25,"column":37}},"25":{"start":{"line":26,"column":0},"end":{"line":26,"column":3}},"27":{"start":{"line":28,"column":0},"end":{"line":28,"column":44}},"29":{"start":{"line":30,"column":0},"end":{"line":30,"column":25}},"30":{"start":{"line":31,"column":0},"end":{"line":31,"column":33}},"31":{"start":{"line":32,"column":0},"end":{"line":32,"column":1}},"35":{"start":{"line":36,"column":0},"end":{"line":36,"column":76}},"36":{"start":{"line":37,"column":0},"end":{"line":37,"column":55}},"38":{"start":{"line":39,"column":0},"end":{"line":39,"column":21}},"39":{"start":{"line":40,"column":0},"end":{"line":40,"column":39}},"40":{"start":{"line":41,"column":0},"end":{"line":41,"column":79}},"41":{"start":{"line":42,"column":0},"end":{"line":42,"column":29}},"42":{"start":{"line":43,"column":0},"end":{"line":43,"column":44}},"43":{"start":{"line":44,"column":0},"end":{"line":44,"column":30}},"44":{"start":{"line":45,"column":0},"end":{"line":45,"column":24}},"45":{"start":{"line":46,"column":0},"end":{"line":46,"column":21}},"46":{"start":{"line":47,"column":0},"end":{"line":47,"column":24}},"47":{"start":{"line":48,"column":0},"end":{"line":48,"column":24}},"49":{"start":{"line":50,"column":0},"end":{"line":50,"column":21}},"50":{"start":{"line":51,"column":0},"end":{"line":51,"column":40}},"51":{"start":{"line":52,"column":0},"end":{"line":52,"column":80}},"52":{"start":{"line":53,"column":0},"end":{"line":53,"column":30}},"53":{"start":{"line":54,"column":0},"end":{"line":54,"column":44}},"54":{"start":{"line":55,"column":0},"end":{"line":55,"column":30}},"55":{"start":{"line":56,"column":0},"end":{"line":56,"column":24}},"56":{"start":{"line":57,"column":0},"end":{"line":57,"column":21}},"57":{"start":{"line":58,"column":0},"end":{"line":58,"column":24}},"58":{"start":{"line":59,"column":0},"end":{"line":59,"column":24}},"60":{"start":{"line":61,"column":0},"end":{"line":61,"column":17}},"61":{"start":{"line":62,"column":0},"end":{"line":62,"column":39}},"62":{"start":{"line":63,"column":0},"end":{"line":63,"column":79}},"63":{"start":{"line":64,"column":0},"end":{"line":64,"column":25}},"64":{"start":{"line":65,"column":0},"end":{"line":65,"column":29}},"65":{"start":{"line":66,"column":0},"end":{"line":66,"column":27}},"66":{"start":{"line":67,"column":0},"end":{"line":67,"column":35}},"67":{"start":{"line":68,"column":0},"end":{"line":68,"column":30}},"68":{"start":{"line":69,"column":0},"end":{"line":69,"column":24}},"69":{"start":{"line":70,"column":0},"end":{"line":70,"column":24}},"70":{"start":{"line":71,"column":0},"end":{"line":71,"column":20}},"72":{"start":{"line":73,"column":0},"end":{"line":73,"column":17}},"73":{"start":{"line":74,"column":0},"end":{"line":74,"column":44}},"74":{"start":{"line":75,"column":0},"end":{"line":75,"column":33}},"77":{"start":{"line":78,"column":0},"end":{"line":78,"column":34}},"78":{"start":{"line":79,"column":0},"end":{"line":79,"column":29}},"79":{"start":{"line":80,"column":0},"end":{"line":80,"column":29}},"80":{"start":{"line":81,"column":0},"end":{"line":81,"column":38}},"81":{"start":{"line":82,"column":0},"end":{"line":82,"column":30}},"82":{"start":{"line":83,"column":0},"end":{"line":83,"column":24}},"83":{"start":{"line":84,"column":0},"end":{"line":84,"column":20}},"84":{"start":{"line":85,"column":0},"end":{"line":85,"column":14}}},"s":{"0":1,"1":1,"2":1,"4":1,"6":1,"13":1,"21":1,"22":1,"23":1,"24":1,"25":1,"27":1,"29":1,"30":2,"31":2,"35":1,"36":1,"38":1,"39":1,"40":1,"41":1,"42":1,"43":1,"44":1,"45":1,"46":1,"47":1,"49":1,"50":1,"51":1,"52":1,"53":1,"54":1,"55":1,"56":1,"57":1,"58":1,"60":1,"61":1,"62":1,"63":1,"64":1,"65":1,"66":1,"67":1,"68":1,"69":1,"70":1,"72":1,"73":1,"74":1,"77":1,"78":1,"79":1,"80":1,"81":1,"82":1,"83":1,"84":1},"branchMap":{"0":{"type":"branch","line":30,"loc":{"start":{"line":30,"column":24},"end":{"line":32,"column":1}},"locations":[{"start":{"line":30,"column":24},"end":{"line":32,"column":1}}]},"1":{"type":"branch","line":28,"loc":{"start":{"line":28,"column":22},"end":{"line":28,"column":42}},"locations":[{"start":{"line":28,"column":22},"end":{"line":28,"column":42}}]},"2":{"type":"branch","line":41,"loc":{"start":{"line":41,"column":31},"end":{"line":41,"column":79}},"locations":[{"start":{"line":41,"column":31},"end":{"line":41,"column":79}}]},"3":{"type":"branch","line":52,"loc":{"start":{"line":52,"column":31},"end":{"line":52,"column":80}},"locations":[{"start":{"line":52,"column":31},"end":{"line":52,"column":80}}]},"4":{"type":"branch","line":63,"loc":{"start":{"line":63,"column":31},"end":{"line":63,"column":79}},"locations":[{"start":{"line":63,"column":31},"end":{"line":63,"column":79}}]},"5":{"type":"branch","line":75,"loc":{"start":{"line":75,"column":31},"end":{"line":75,"column":33}},"locations":[{"start":{"line":75,"column":31},"end":{"line":75,"column":33}}]},"6":{"type":"branch","line":41,"loc":{"start":{"line":41,"column":31},"end":{"line":41,"column":79}},"locations":[{"start":{"line":41,"column":31},"end":{"line":41,"column":79}}]},"7":{"type":"branch","line":52,"loc":{"start":{"line":52,"column":31},"end":{"line":52,"column":80}},"locations":[{"start":{"line":52,"column":31},"end":{"line":52,"column":80}}]},"8":{"type":"branch","line":63,"loc":{"start":{"line":63,"column":31},"end":{"line":63,"column":79}},"locations":[{"start":{"line":63,"column":31},"end":{"line":63,"column":79}}]},"9":{"type":"branch","line":75,"loc":{"start":{"line":75,"column":31},"end":{"line":75,"column":33}},"locations":[{"start":{"line":75,"column":31},"end":{"line":75,"column":33}}]}},"b":{"0":[2],"1":[8],"2":[4],"3":[4],"4":[4],"5":[4],"6":[1],"7":[1],"8":[1],"9":[1]},"fnMap":{"0":{"name":"onUpdate:modelValue._cache.<computed>._cache.<computed>","decl":{"start":{"line":41,"column":31},"end":{"line":41,"column":79}},"loc":{"start":{"line":41,"column":31},"end":{"line":41,"column":79}},"line":41},"1":{"name":"onUpdate:modelValue._cache.<computed>._cache.<computed>","decl":{"start":{"line":52,"column":31},"end":{"line":52,"column":80}},"loc":{"start":{"line":52,"column":31},"end":{"line":52,"column":80}},"line":52},"2":{"name":"onUpdate:modelValue._cache.<computed>._cache.<computed>","decl":{"start":{"line":63,"column":31},"end":{"line":63,"column":79}},"loc":{"start":{"line":63,"column":31},"end":{"line":63,"column":79}},"line":63},"3":{"name":"onUpdate:modelValue._cache.<computed>._cache.<computed>","decl":{"start":{"line":75,"column":31},"end":{"line":75,"column":33}},"loc":{"start":{"line":75,"column":31},"end":{"line":75,"column":33}},"line":75}},"f":{"0":1,"1":1,"2":1,"3":1}}
,"C:\\Users\\olabi\\Projects\\PhpstormProjects\\aql-project\\resources\\js\\src\\helpers\\index.ts": {"path":"C:\\Users\\olabi\\Projects\\PhpstormProjects\\aql-project\\resources\\js\\src\\helpers\\index.ts","all":false,"statementMap":{"0":{"start":{"line":1,"column":0},"end":{"line":1,"column":26}},"1":{"start":{"line":2,"column":0},"end":{"line":2,"column":38}},"3":{"start":{"line":4,"column":0},"end":{"line":4,"column":40}},"4":{"start":{"line":5,"column":0},"end":{"line":5,"column":54}},"5":{"start":{"line":6,"column":0},"end":{"line":6,"column":48}},"7":{"start":{"line":8,"column":0},"end":{"line":8,"column":29}},"8":{"start":{"line":9,"column":0},"end":{"line":9,"column":58}},"9":{"start":{"line":10,"column":0},"end":{"line":10,"column":36}},"10":{"start":{"line":11,"column":0},"end":{"line":11,"column":91}},"11":{"start":{"line":12,"column":0},"end":{"line":12,"column":36}},"12":{"start":{"line":13,"column":0},"end":{"line":13,"column":81}},"13":{"start":{"line":14,"column":0},"end":{"line":14,"column":36}},"14":{"start":{"line":15,"column":0},"end":{"line":15,"column":95}},"15":{"start":{"line":16,"column":0},"end":{"line":16,"column":9}},"16":{"start":{"line":17,"column":0},"end":{"line":17,"column":5}},"18":{"start":{"line":19,"column":0},"end":{"line":19,"column":88}},"19":{"start":{"line":20,"column":0},"end":{"line":20,"column":1}},"21":{"start":{"line":22,"column":0},"end":{"line":22,"column":43}},"22":{"start":{"line":23,"column":0},"end":{"line":23,"column":48}},"23":{"start":{"line":24,"column":0},"end":{"line":24,"column":14}},"24":{"start":{"line":25,"column":0},"end":{"line":25,"column":50}},"25":{"start":{"line":26,"column":0},"end":{"line":26,"column":21}},"26":{"start":{"line":27,"column":0},"end":{"line":27,"column":12}},"27":{"start":{"line":28,"column":0},"end":{"line":28,"column":5}},"28":{"start":{"line":29,"column":0},"end":{"line":29,"column":44}},"29":{"start":{"line":30,"column":0},"end":{"line":30,"column":1}},"31":{"start":{"line":32,"column":0},"end":{"line":32,"column":42}},"32":{"start":{"line":33,"column":0},"end":{"line":33,"column":29}},"33":{"start":{"line":34,"column":0},"end":{"line":34,"column":101}},"34":{"start":{"line":35,"column":0},"end":{"line":35,"column":50}},"35":{"start":{"line":36,"column":0},"end":{"line":36,"column":1}},"37":{"start":{"line":38,"column":0},"end":{"line":38,"column":29}},"38":{"start":{"line":39,"column":0},"end":{"line":39,"column":22}},"39":{"start":{"line":40,"column":0},"end":{"line":40,"column":56}},"40":{"start":{"line":41,"column":0},"end":{"line":41,"column":24}},"41":{"start":{"line":42,"column":0},"end":{"line":42,"column":30}},"42":{"start":{"line":43,"column":0},"end":{"line":43,"column":3}},"43":{"start":{"line":44,"column":0},"end":{"line":44,"column":62}},"44":{"start":{"line":45,"column":0},"end":{"line":45,"column":52}},"45":{"start":{"line":46,"column":0},"end":{"line":46,"column":41}},"47":{"start":{"line":48,"column":0},"end":{"line":48,"column":26}},"48":{"start":{"line":49,"column":0},"end":{"line":49,"column":38}},"49":{"start":{"line":50,"column":0},"end":{"line":50,"column":13}},"50":{"start":{"line":51,"column":0},"end":{"line":51,"column":22}},"51":{"start":{"line":52,"column":0},"end":{"line":52,"column":35}},"52":{"start":{"line":53,"column":0},"end":{"line":53,"column":18}},"53":{"start":{"line":54,"column":0},"end":{"line":54,"column":11}},"54":{"start":{"line":55,"column":0},"end":{"line":55,"column":1}},"56":{"start":{"line":57,"column":0},"end":{"line":57,"column":57}},"57":{"start":{"line":58,"column":0},"end":{"line":58,"column":67}},"59":{"start":{"line":60,"column":0},"end":{"line":60,"column":48}},"60":{"start":{"line":61,"column":0},"end":{"line":61,"column":39}},"61":{"start":{"line":62,"column":0},"end":{"line":62,"column":46}},"62":{"start":{"line":63,"column":0},"end":{"line":63,"column":9}},"63":{"start":{"line":64,"column":0},"end":{"line":64,"column":6}},"65":{"start":{"line":66,"column":0},"end":{"line":66,"column":10}},"66":{"start":{"line":67,"column":0},"end":{"line":67,"column":13}},"67":{"start":{"line":68,"column":0},"end":{"line":68,"column":23}},"68":{"start":{"line":69,"column":0},"end":{"line":69,"column":54}},"69":{"start":{"line":70,"column":0},"end":{"line":70,"column":47}},"70":{"start":{"line":71,"column":0},"end":{"line":71,"column":54}},"71":{"start":{"line":72,"column":0},"end":{"line":72,"column":17}},"72":{"start":{"line":73,"column":0},"end":{"line":73,"column":15}},"73":{"start":{"line":74,"column":0},"end":{"line":74,"column":10}},"74":{"start":{"line":75,"column":0},"end":{"line":75,"column":22}},"75":{"start":{"line":76,"column":0},"end":{"line":76,"column":6}},"77":{"start":{"line":78,"column":0},"end":{"line":78,"column":44}},"78":{"start":{"line":79,"column":0},"end":{"line":79,"column":1}}},"s":{"0":1,"1":1,"3":1,"4":1,"5":0,"7":0,"8":0,"9":0,"10":0,"11":0,"12":0,"13":0,"14":0,"15":0,"16":0,"18":1,"19":1,"21":1,"22":0,"23":0,"24":0,"25":0,"26":0,"27":0,"28":0,"29":0,"31":1,"32":0,"33":0,"34":0,"35":0,"37":1,"38":0,"39":0,"40":0,"41":0,"42":0,"43":0,"44":0,"45":0,"47":0,"48":0,"49":0,"50":0,"51":0,"52":0,"53":0,"54":0,"56":1,"57":0,"59":0,"60":0,"61":0,"62":0,"63":0,"65":0,"66":0,"67":0,"68":0,"69":0,"70":0,"71":0,"72":0,"73":0,"74":0,"75":0,"77":0,"78":0},"branchMap":{"0":{"type":"branch","line":4,"loc":{"start":{"line":4,"column":7},"end":{"line":20,"column":1}},"locations":[{"start":{"line":4,"column":7},"end":{"line":20,"column":1}}]},"1":{"type":"branch","line":5,"loc":{"start":{"line":5,"column":53},"end":{"line":17,"column":5}},"locations":[{"start":{"line":5,"column":53},"end":{"line":17,"column":5}}]}},"b":{"0":[1],"1":[0]},"fnMap":{"0":{"name":"axiosError","decl":{"start":{"line":4,"column":7},"end":{"line":20,"column":1}},"loc":{"start":{"line":4,"column":7},"end":{"line":20,"column":1}},"line":4},"1":{"name":"convertSize","decl":{"start":{"line":22,"column":7},"end":{"line":30,"column":1}},"loc":{"start":{"line":22,"column":7},"end":{"line":30,"column":1}},"line":22},"2":{"name":"formatDate","decl":{"start":{"line":32,"column":7},"end":{"line":36,"column":1}},"loc":{"start":{"line":32,"column":7},"end":{"line":36,"column":1}},"line":32},"3":{"name":"downloadFile","decl":{"start":{"line":38,"column":7},"end":{"line":55,"column":1}},"loc":{"start":{"line":38,"column":7},"end":{"line":55,"column":1}},"line":38},"4":{"name":"clearFieldErrors","decl":{"start":{"line":57,"column":7},"end":{"line":79,"column":1}},"loc":{"start":{"line":57,"column":7},"end":{"line":79,"column":1}},"line":57}},"f":{"0":1,"1":0,"2":0,"3":0,"4":0}}
,"C:\\Users\\olabi\\Projects\\PhpstormProjects\\aql-project\\resources\\js\\src\\plugins\\toast.ts": {"path":"C:\\Users\\olabi\\Projects\\PhpstormProjects\\aql-project\\resources\\js\\src\\plugins\\toast.ts","all":true,"statementMap":{"0":{"start":{"line":1,"column":0},"end":{"line":1,"column":50}},"1":{"start":{"line":2,"column":0},"end":{"line":2,"column":53}},"3":{"start":{"line":4,"column":0},"end":{"line":4,"column":26}},"5":{"start":{"line":6,"column":0},"end":{"line":6,"column":56}},"6":{"start":{"line":7,"column":0},"end":{"line":7,"column":17}},"7":{"start":{"line":8,"column":0},"end":{"line":8,"column":38}},"8":{"start":{"line":9,"column":0},"end":{"line":9,"column":19}},"9":{"start":{"line":10,"column":0},"end":{"line":10,"column":17}},"10":{"start":{"line":11,"column":0},"end":{"line":11,"column":19}},"11":{"start":{"line":12,"column":0},"end":{"line":12,"column":30}},"12":{"start":{"line":13,"column":0},"end":{"line":13,"column":22}},"13":{"start":{"line":14,"column":0},"end":{"line":14,"column":7}},"14":{"start":{"line":15,"column":0},"end":{"line":15,"column":1}},"16":{"start":{"line":17,"column":0},"end":{"line":17,"column":20}}},"s":{"0":0,"1":0,"3":0,"5":0,"6":0,"7":0,"8":0,"9":0,"10":0,"11":0,"12":0,"13":0,"14":0,"16":0},"branchMap":{"0":{"type":"branch","line":1,"loc":{"start":{"line":1,"column":0},"end":{"line":17,"column":-66}},"locations":[{"start":{"line":1,"column":0},"end":{"line":17,"column":-66}}]}},"b":{"0":[0]},"fnMap":{"0":{"name":"(empty-report)","decl":{"start":{"line":1,"column":0},"end":{"line":17,"column":-66}},"loc":{"start":{"line":1,"column":0},"end":{"line":17,"column":-66}},"line":1}},"f":{"0":0}}
,"C:\\Users\\olabi\\Projects\\PhpstormProjects\\aql-project\\resources\\js\\src\\plugins\\vuetify.ts": {"path":"C:\\Users\\olabi\\Projects\\PhpstormProjects\\aql-project\\resources\\js\\src\\plugins\\vuetify.ts","all":true,"statementMap":{"0":{"start":{"line":1,"column":0},"end":{"line":1,"column":23}},"1":{"start":{"line":2,"column":0},"end":{"line":2,"column":39}},"2":{"start":{"line":3,"column":0},"end":{"line":3,"column":48}},"3":{"start":{"line":4,"column":0},"end":{"line":4,"column":48}},"4":{"start":{"line":5,"column":0},"end":{"line":5,"column":46}},"6":{"start":{"line":7,"column":0},"end":{"line":7,"column":31}},"7":{"start":{"line":8,"column":0},"end":{"line":8,"column":13}},"8":{"start":{"line":9,"column":0},"end":{"line":9,"column":13}},"9":{"start":{"line":10,"column":0},"end":{"line":10,"column":10}},"10":{"start":{"line":11,"column":0},"end":{"line":11,"column":26}},"11":{"start":{"line":12,"column":0},"end":{"line":12,"column":13}},"12":{"start":{"line":13,"column":0},"end":{"line":13,"column":14}},"13":{"start":{"line":14,"column":0},"end":{"line":14,"column":17}},"14":{"start":{"line":15,"column":0},"end":{"line":15,"column":29}},"15":{"start":{"line":16,"column":0},"end":{"line":16,"column":31}},"16":{"start":{"line":17,"column":0},"end":{"line":17,"column":28}},"17":{"start":{"line":18,"column":0},"end":{"line":18,"column":28}},"18":{"start":{"line":19,"column":0},"end":{"line":19,"column":10}},"19":{"start":{"line":20,"column":0},"end":{"line":20,"column":8}},"20":{"start":{"line":21,"column":0},"end":{"line":21,"column":6}},"21":{"start":{"line":22,"column":0},"end":{"line":22,"column":4}},"22":{"start":{"line":23,"column":0},"end":{"line":23,"column":2}},"24":{"start":{"line":25,"column":0},"end":{"line":25,"column":22}}},"s":{"0":0,"1":0,"2":0,"3":0,"4":0,"6":0,"7":0,"8":0,"9":0,"10":0,"11":0,"12":0,"13":0,"14":0,"15":0,"16":0,"17":0,"18":0,"19":0,"20":0,"21":0,"22":0,"24":0},"branchMap":{"0":{"type":"branch","line":1,"loc":{"start":{"line":1,"column":0},"end":{"line":25,"column":-303}},"locations":[{"start":{"line":1,"column":0},"end":{"line":25,"column":-303}}]}},"b":{"0":[0]},"fnMap":{"0":{"name":"(empty-report)","decl":{"start":{"line":1,"column":0},"end":{"line":25,"column":-303}},"loc":{"start":{"line":1,"column":0},"end":{"line":25,"column":-303}},"line":1}},"f":{"0":0}}
,"C:\\Users\\olabi\\Projects\\PhpstormProjects\\aql-project\\resources\\js\\src\\router\\index.ts": {"path":"C:\\Users\\olabi\\Projects\\PhpstormProjects\\aql-project\\resources\\js\\src\\router\\index.ts","all":true,"statementMap":{"0":{"start":{"line":1,"column":0},"end":{"line":1,"column":59}},"1":{"start":{"line":2,"column":0},"end":{"line":2,"column":43}},"3":{"start":{"line":4,"column":0},"end":{"line":4,"column":35}},"4":{"start":{"line":5,"column":0},"end":{"line":5,"column":45}},"5":{"start":{"line":6,"column":0},"end":{"line":6,"column":51}},"6":{"start":{"line":7,"column":0},"end":{"line":7,"column":37}},"7":{"start":{"line":8,"column":0},"end":{"line":8,"column":43}},"8":{"start":{"line":9,"column":0},"end":{"line":9,"column":41}},"9":{"start":{"line":10,"column":0},"end":{"line":10,"column":55}},"10":{"start":{"line":11,"column":0},"end":{"line":11,"column":53}},"11":{"start":{"line":12,"column":0},"end":{"line":12,"column":59}},"12":{"start":{"line":13,"column":0},"end":{"line":13,"column":57}},"13":{"start":{"line":14,"column":0},"end":{"line":14,"column":51}},"14":{"start":{"line":15,"column":0},"end":{"line":15,"column":67}},"16":{"start":{"line":17,"column":0},"end":{"line":17,"column":16}},"17":{"start":{"line":18,"column":0},"end":{"line":18,"column":2}},"18":{"start":{"line":19,"column":0},"end":{"line":19,"column":12}},"19":{"start":{"line":20,"column":0},"end":{"line":20,"column":15}},"20":{"start":{"line":21,"column":0},"end":{"line":21,"column":17}},"21":{"start":{"line":22,"column":0},"end":{"line":22,"column":3}},"22":{"start":{"line":23,"column":0},"end":{"line":23,"column":2}},"23":{"start":{"line":24,"column":0},"end":{"line":24,"column":21}},"24":{"start":{"line":25,"column":0},"end":{"line":25,"column":20}},"25":{"start":{"line":26,"column":0},"end":{"line":26,"column":23}},"26":{"start":{"line":27,"column":0},"end":{"line":27,"column":30}},"27":{"start":{"line":28,"column":0},"end":{"line":28,"column":3}},"28":{"start":{"line":29,"column":0},"end":{"line":29,"column":2}},"29":{"start":{"line":30,"column":0},"end":{"line":30,"column":29}},"30":{"start":{"line":31,"column":0},"end":{"line":31,"column":27}},"31":{"start":{"line":32,"column":0},"end":{"line":32,"column":30}},"32":{"start":{"line":33,"column":0},"end":{"line":33,"column":30}},"33":{"start":{"line":34,"column":0},"end":{"line":34,"column":3}},"34":{"start":{"line":35,"column":0},"end":{"line":35,"column":2}},"35":{"start":{"line":36,"column":0},"end":{"line":36,"column":28}},"36":{"start":{"line":37,"column":0},"end":{"line":37,"column":26}},"37":{"start":{"line":38,"column":0},"end":{"line":38,"column":29}},"38":{"start":{"line":39,"column":0},"end":{"line":39,"column":30}},"39":{"start":{"line":40,"column":0},"end":{"line":40,"column":3}},"40":{"start":{"line":41,"column":0},"end":{"line":41,"column":2}},"41":{"start":{"line":42,"column":0},"end":{"line":42,"column":24}},"42":{"start":{"line":43,"column":0},"end":{"line":43,"column":22}},"43":{"start":{"line":44,"column":0},"end":{"line":44,"column":26}},"44":{"start":{"line":45,"column":0},"end":{"line":45,"column":30}},"45":{"start":{"line":46,"column":0},"end":{"line":46,"column":3}},"46":{"start":{"line":47,"column":0},"end":{"line":47,"column":2}},"47":{"start":{"line":48,"column":0},"end":{"line":48,"column":29}},"48":{"start":{"line":49,"column":0},"end":{"line":49,"column":23}},"49":{"start":{"line":50,"column":0},"end":{"line":50,"column":26}},"50":{"start":{"line":51,"column":0},"end":{"line":51,"column":14}},"51":{"start":{"line":52,"column":0},"end":{"line":52,"column":30}},"52":{"start":{"line":53,"column":0},"end":{"line":53,"column":3}},"53":{"start":{"line":54,"column":0},"end":{"line":54,"column":2}},"54":{"start":{"line":55,"column":0},"end":{"line":55,"column":24}},"55":{"start":{"line":56,"column":0},"end":{"line":56,"column":23}},"56":{"start":{"line":57,"column":0},"end":{"line":57,"column":26}},"57":{"start":{"line":58,"column":0},"end":{"line":58,"column":14}},"58":{"start":{"line":59,"column":0},"end":{"line":59,"column":30}},"59":{"start":{"line":60,"column":0},"end":{"line":60,"column":3}},"60":{"start":{"line":61,"column":0},"end":{"line":61,"column":2}},"61":{"start":{"line":62,"column":0},"end":{"line":62,"column":33}},"62":{"start":{"line":63,"column":0},"end":{"line":63,"column":31}},"63":{"start":{"line":64,"column":0},"end":{"line":64,"column":34}},"64":{"start":{"line":65,"column":0},"end":{"line":65,"column":14}},"65":{"start":{"line":66,"column":0},"end":{"line":66,"column":30}},"66":{"start":{"line":67,"column":0},"end":{"line":67,"column":3}},"67":{"start":{"line":68,"column":0},"end":{"line":68,"column":2}},"68":{"start":{"line":69,"column":0},"end":{"line":69,"column":17}},"69":{"start":{"line":70,"column":0},"end":{"line":70,"column":16}},"70":{"start":{"line":71,"column":0},"end":{"line":71,"column":19}},"71":{"start":{"line":72,"column":0},"end":{"line":72,"column":27}},"72":{"start":{"line":73,"column":0},"end":{"line":73,"column":3}},"73":{"start":{"line":74,"column":0},"end":{"line":74,"column":2}},"74":{"start":{"line":75,"column":0},"end":{"line":75,"column":20}},"75":{"start":{"line":76,"column":0},"end":{"line":76,"column":19}},"76":{"start":{"line":77,"column":0},"end":{"line":77,"column":22}},"77":{"start":{"line":78,"column":0},"end":{"line":78,"column":27}},"78":{"start":{"line":79,"column":0},"end":{"line":79,"column":3}},"79":{"start":{"line":80,"column":0},"end":{"line":80,"column":2}},"80":{"start":{"line":81,"column":0},"end":{"line":81,"column":27}},"81":{"start":{"line":82,"column":0},"end":{"line":82,"column":25}},"82":{"start":{"line":83,"column":0},"end":{"line":83,"column":28}},"83":{"start":{"line":84,"column":0},"end":{"line":84,"column":27}},"84":{"start":{"line":85,"column":0},"end":{"line":85,"column":3}},"85":{"start":{"line":86,"column":0},"end":{"line":86,"column":2}},"86":{"start":{"line":87,"column":0},"end":{"line":87,"column":26}},"87":{"start":{"line":88,"column":0},"end":{"line":88,"column":24}},"88":{"start":{"line":89,"column":0},"end":{"line":89,"column":27}},"89":{"start":{"line":90,"column":0},"end":{"line":90,"column":27}},"90":{"start":{"line":91,"column":0},"end":{"line":91,"column":3}},"91":{"start":{"line":92,"column":0},"end":{"line":92,"column":2}},"92":{"start":{"line":93,"column":0},"end":{"line":93,"column":19}},"93":{"start":{"line":94,"column":0},"end":{"line":94,"column":18}},"94":{"start":{"line":95,"column":0},"end":{"line":95,"column":21}},"95":{"start":{"line":96,"column":0},"end":{"line":96,"column":30}},"96":{"start":{"line":97,"column":0},"end":{"line":97,"column":2}},"97":{"start":{"line":98,"column":0},"end":{"line":98,"column":1}},"99":{"start":{"line":100,"column":0},"end":{"line":100,"column":29}},"100":{"start":{"line":101,"column":0},"end":{"line":101,"column":29}},"101":{"start":{"line":102,"column":0},"end":{"line":102,"column":7}},"102":{"start":{"line":103,"column":0},"end":{"line":103,"column":2}},"104":{"start":{"line":105,"column":0},"end":{"line":105,"column":36}},"105":{"start":{"line":106,"column":0},"end":{"line":106,"column":33}},"106":{"start":{"line":107,"column":0},"end":{"line":107,"column":74}},"107":{"start":{"line":108,"column":0},"end":{"line":108,"column":68}},"109":{"start":{"line":110,"column":0},"end":{"line":110,"column":52}},"110":{"start":{"line":111,"column":0},"end":{"line":111,"column":16}},"111":{"start":{"line":112,"column":0},"end":{"line":112,"column":55}},"112":{"start":{"line":113,"column":0},"end":{"line":113,"column":11}},"113":{"start":{"line":114,"column":0},"end":{"line":114,"column":9}},"114":{"start":{"line":115,"column":0},"end":{"line":115,"column":8}},"115":{"start":{"line":116,"column":0},"end":{"line":116,"column":2}},"116":{"start":{"line":117,"column":0},"end":{"line":117,"column":2}},"118":{"start":{"line":119,"column":0},"end":{"line":119,"column":21}}},"s":{"0":0,"1":0,"3":0,"4":0,"5":0,"6":0,"7":0,"8":0,"9":0,"10":0,"11":0,"12":0,"13":0,"14":0,"16":0,"17":0,"18":0,"19":0,"20":0,"21":0,"22":0,"23":0,"24":0,"25":0,"26":0,"27":0,"28":0,"29":0,"30":0,"31":0,"32":0,"33":0,"34":0,"35":0,"36":0,"37":0,"38":0,"39":0,"40":0,"41":0,"42":0,"43":0,"44":0,"45":0,"46":0,"47":0,"48":0,"49":0,"50":0,"51":0,"52":0,"53":0,"54":0,"55":0,"56":0,"57":0,"58":0,"59":0,"60":0,"61":0,"62":0,"63":0,"64":0,"65":0,"66":0,"67":0,"68":0,"69":0,"70":0,"71":0,"72":0,"73":0,"74":0,"75":0,"76":0,"77":0,"78":0,"79":0,"80":0,"81":0,"82":0,"83":0,"84":0,"85":0,"86":0,"87":0,"88":0,"89":0,"90":0,"91":0,"92":0,"93":0,"94":0,"95":0,"96":0,"97":0,"99":0,"100":0,"101":0,"102":0,"104":0,"105":0,"106":0,"107":0,"109":0,"110":0,"111":0,"112":0,"113":0,"114":0,"115":0,"116":0,"118":0},"branchMap":{"0":{"type":"branch","line":1,"loc":{"start":{"line":1,"column":0},"end":{"line":119,"column":-1264}},"locations":[{"start":{"line":1,"column":0},"end":{"line":119,"column":-1264}}]}},"b":{"0":[0]},"fnMap":{"0":{"name":"(empty-report)","decl":{"start":{"line":1,"column":0},"end":{"line":119,"column":-1264}},"loc":{"start":{"line":1,"column":0},"end":{"line":119,"column":-1264}},"line":1}},"f":{"0":0}}
,"C:\\Users\\olabi\\Projects\\PhpstormProjects\\aql-project\\resources\\js\\src\\store\\auth.ts": {"path":"C:\\Users\\olabi\\Projects\\PhpstormProjects\\aql-project\\resources\\js\\src\\store\\auth.ts","all":false,"statementMap":{"0":{"start":{"line":1,"column":0},"end":{"line":1,"column":34}},"1":{"start":{"line":2,"column":0},"end":{"line":2,"column":34}},"2":{"start":{"line":3,"column":0},"end":{"line":3,"column":26}},"3":{"start":{"line":4,"column":0},"end":{"line":4,"column":37}},"4":{"start":{"line":5,"column":0},"end":{"line":5,"column":32}},"51":{"start":{"line":52,"column":0},"end":{"line":52,"column":55}},"52":{"start":{"line":53,"column":0},"end":{"line":53,"column":40}},"53":{"start":{"line":54,"column":0},"end":{"line":54,"column":31}},"54":{"start":{"line":55,"column":0},"end":{"line":55,"column":34}},"56":{"start":{"line":57,"column":0},"end":{"line":57,"column":65}},"58":{"start":{"line":59,"column":0},"end":{"line":59,"column":47}},"59":{"start":{"line":60,"column":0},"end":{"line":60,"column":29}},"60":{"start":{"line":61,"column":0},"end":{"line":61,"column":28}},"62":{"start":{"line":63,"column":0},"end":{"line":63,"column":13}},"63":{"start":{"line":64,"column":0},"end":{"line":64,"column":83}},"65":{"start":{"line":66,"column":0},"end":{"line":66,"column":64}},"66":{"start":{"line":67,"column":0},"end":{"line":67,"column":65}},"67":{"start":{"line":68,"column":0},"end":{"line":68,"column":24}},"68":{"start":{"line":69,"column":0},"end":{"line":69,"column":14}},"70":{"start":{"line":71,"column":0},"end":{"line":71,"column":34}},"72":{"start":{"line":73,"column":0},"end":{"line":73,"column":43}},"74":{"start":{"line":75,"column":0},"end":{"line":75,"column":27}},"75":{"start":{"line":76,"column":0},"end":{"line":76,"column":30}},"76":{"start":{"line":77,"column":0},"end":{"line":77,"column":52}},"77":{"start":{"line":78,"column":0},"end":{"line":78,"column":45}},"78":{"start":{"line":79,"column":0},"end":{"line":79,"column":47}},"79":{"start":{"line":80,"column":0},"end":{"line":80,"column":42}},"80":{"start":{"line":81,"column":0},"end":{"line":81,"column":56}},"81":{"start":{"line":82,"column":0},"end":{"line":82,"column":18}},"83":{"start":{"line":84,"column":0},"end":{"line":84,"column":28}},"84":{"start":{"line":85,"column":0},"end":{"line":85,"column":13}},"86":{"start":{"line":87,"column":0},"end":{"line":87,"column":25}},"87":{"start":{"line":88,"column":0},"end":{"line":88,"column":34}},"88":{"start":{"line":89,"column":0},"end":{"line":89,"column":45}},"90":{"start":{"line":91,"column":0},"end":{"line":91,"column":25}},"91":{"start":{"line":92,"column":0},"end":{"line":92,"column":9}},"92":{"start":{"line":93,"column":0},"end":{"line":93,"column":5}},"94":{"start":{"line":95,"column":0},"end":{"line":95,"column":53}},"95":{"start":{"line":96,"column":0},"end":{"line":96,"column":29}},"96":{"start":{"line":97,"column":0},"end":{"line":97,"column":28}},"98":{"start":{"line":99,"column":0},"end":{"line":99,"column":13}},"99":{"start":{"line":100,"column":0},"end":{"line":100,"column":83}},"101":{"start":{"line":102,"column":0},"end":{"line":102,"column":64}},"102":{"start":{"line":103,"column":0},"end":{"line":103,"column":68}},"103":{"start":{"line":104,"column":0},"end":{"line":104,"column":24}},"104":{"start":{"line":105,"column":0},"end":{"line":105,"column":14}},"106":{"start":{"line":107,"column":0},"end":{"line":107,"column":34}},"108":{"start":{"line":109,"column":0},"end":{"line":109,"column":43}},"110":{"start":{"line":111,"column":0},"end":{"line":111,"column":27}},"111":{"start":{"line":112,"column":0},"end":{"line":112,"column":30}},"112":{"start":{"line":113,"column":0},"end":{"line":113,"column":52}},"113":{"start":{"line":114,"column":0},"end":{"line":114,"column":45}},"114":{"start":{"line":115,"column":0},"end":{"line":115,"column":47}},"115":{"start":{"line":116,"column":0},"end":{"line":116,"column":42}},"116":{"start":{"line":117,"column":0},"end":{"line":117,"column":56}},"117":{"start":{"line":118,"column":0},"end":{"line":118,"column":18}},"119":{"start":{"line":120,"column":0},"end":{"line":120,"column":28}},"120":{"start":{"line":121,"column":0},"end":{"line":121,"column":13}},"122":{"start":{"line":123,"column":0},"end":{"line":123,"column":25}},"123":{"start":{"line":124,"column":0},"end":{"line":124,"column":34}},"124":{"start":{"line":125,"column":0},"end":{"line":125,"column":45}},"126":{"start":{"line":127,"column":0},"end":{"line":127,"column":25}},"127":{"start":{"line":128,"column":0},"end":{"line":128,"column":9}},"128":{"start":{"line":129,"column":0},"end":{"line":129,"column":5}},"130":{"start":{"line":131,"column":0},"end":{"line":131,"column":29}},"131":{"start":{"line":132,"column":0},"end":{"line":132,"column":28}},"132":{"start":{"line":133,"column":0},"end":{"line":133,"column":29}},"134":{"start":{"line":135,"column":0},"end":{"line":135,"column":13}},"135":{"start":{"line":136,"column":0},"end":{"line":136,"column":56}},"137":{"start":{"line":138,"column":0},"end":{"line":138,"column":74}},"140":{"start":{"line":141,"column":0},"end":{"line":141,"column":34}},"142":{"start":{"line":143,"column":0},"end":{"line":143,"column":41}},"143":{"start":{"line":144,"column":0},"end":{"line":144,"column":34}},"145":{"start":{"line":146,"column":0},"end":{"line":146,"column":28}},"146":{"start":{"line":147,"column":0},"end":{"line":147,"column":13}},"148":{"start":{"line":149,"column":0},"end":{"line":149,"column":25}},"149":{"start":{"line":150,"column":0},"end":{"line":150,"column":34}},"150":{"start":{"line":151,"column":0},"end":{"line":151,"column":45}},"152":{"start":{"line":153,"column":0},"end":{"line":153,"column":25}},"153":{"start":{"line":154,"column":0},"end":{"line":154,"column":9}},"154":{"start":{"line":155,"column":0},"end":{"line":155,"column":5}},"156":{"start":{"line":157,"column":0},"end":{"line":157,"column":68}},"157":{"start":{"line":158,"column":0},"end":{"line":158,"column":29}},"158":{"start":{"line":159,"column":0},"end":{"line":159,"column":28}},"160":{"start":{"line":161,"column":0},"end":{"line":161,"column":13}},"161":{"start":{"line":162,"column":0},"end":{"line":162,"column":56}},"163":{"start":{"line":164,"column":0},"end":{"line":164,"column":50}},"164":{"start":{"line":165,"column":0},"end":{"line":165,"column":35}},"165":{"start":{"line":166,"column":0},"end":{"line":166,"column":24}},"166":{"start":{"line":167,"column":0},"end":{"line":167,"column":14}},"168":{"start":{"line":169,"column":0},"end":{"line":169,"column":34}},"170":{"start":{"line":171,"column":0},"end":{"line":171,"column":43}},"172":{"start":{"line":173,"column":0},"end":{"line":173,"column":27}},"173":{"start":{"line":174,"column":0},"end":{"line":174,"column":30}},"174":{"start":{"line":175,"column":0},"end":{"line":175,"column":47}},"175":{"start":{"line":176,"column":0},"end":{"line":176,"column":40}},"176":{"start":{"line":177,"column":0},"end":{"line":177,"column":42}},"177":{"start":{"line":178,"column":0},"end":{"line":178,"column":51}},"178":{"start":{"line":179,"column":0},"end":{"line":179,"column":60}},"179":{"start":{"line":180,"column":0},"end":{"line":180,"column":18}},"181":{"start":{"line":182,"column":0},"end":{"line":182,"column":28}},"182":{"start":{"line":183,"column":0},"end":{"line":183,"column":13}},"184":{"start":{"line":185,"column":0},"end":{"line":185,"column":25}},"185":{"start":{"line":186,"column":0},"end":{"line":186,"column":34}},"186":{"start":{"line":187,"column":0},"end":{"line":187,"column":45}},"188":{"start":{"line":189,"column":0},"end":{"line":189,"column":25}},"189":{"start":{"line":190,"column":0},"end":{"line":190,"column":9}},"190":{"start":{"line":191,"column":0},"end":{"line":191,"column":5}},"192":{"start":{"line":193,"column":0},"end":{"line":193,"column":65}},"193":{"start":{"line":194,"column":0},"end":{"line":194,"column":29}},"194":{"start":{"line":195,"column":0},"end":{"line":195,"column":28}},"196":{"start":{"line":197,"column":0},"end":{"line":197,"column":13}},"197":{"start":{"line":198,"column":0},"end":{"line":198,"column":56}},"199":{"start":{"line":200,"column":0},"end":{"line":200,"column":50}},"200":{"start":{"line":201,"column":0},"end":{"line":201,"column":44}},"201":{"start":{"line":202,"column":0},"end":{"line":202,"column":24}},"202":{"start":{"line":203,"column":0},"end":{"line":203,"column":14}},"204":{"start":{"line":205,"column":0},"end":{"line":205,"column":34}},"206":{"start":{"line":207,"column":0},"end":{"line":207,"column":52}},"209":{"start":{"line":210,"column":0},"end":{"line":210,"column":25}},"210":{"start":{"line":211,"column":0},"end":{"line":211,"column":34}},"211":{"start":{"line":212,"column":0},"end":{"line":212,"column":45}},"213":{"start":{"line":214,"column":0},"end":{"line":214,"column":25}},"214":{"start":{"line":215,"column":0},"end":{"line":215,"column":9}},"215":{"start":{"line":216,"column":0},"end":{"line":216,"column":5}},"217":{"start":{"line":218,"column":0},"end":{"line":218,"column":63}},"218":{"start":{"line":219,"column":0},"end":{"line":219,"column":29}},"219":{"start":{"line":220,"column":0},"end":{"line":220,"column":28}},"221":{"start":{"line":222,"column":0},"end":{"line":222,"column":13}},"222":{"start":{"line":223,"column":0},"end":{"line":223,"column":56}},"224":{"start":{"line":225,"column":0},"end":{"line":225,"column":50}},"225":{"start":{"line":226,"column":0},"end":{"line":226,"column":43}},"226":{"start":{"line":227,"column":0},"end":{"line":227,"column":24}},"227":{"start":{"line":228,"column":0},"end":{"line":228,"column":14}},"229":{"start":{"line":230,"column":0},"end":{"line":230,"column":34}},"231":{"start":{"line":232,"column":0},"end":{"line":232,"column":52}},"233":{"start":{"line":234,"column":0},"end":{"line":234,"column":25}},"234":{"start":{"line":235,"column":0},"end":{"line":235,"column":34}},"236":{"start":{"line":237,"column":0},"end":{"line":237,"column":62}},"237":{"start":{"line":238,"column":0},"end":{"line":238,"column":51}},"238":{"start":{"line":239,"column":0},"end":{"line":239,"column":91}},"239":{"start":{"line":240,"column":0},"end":{"line":240,"column":58}},"240":{"start":{"line":241,"column":0},"end":{"line":241,"column":109}},"241":{"start":{"line":242,"column":0},"end":{"line":242,"column":58}},"242":{"start":{"line":243,"column":0},"end":{"line":243,"column":97}},"243":{"start":{"line":244,"column":0},"end":{"line":244,"column":58}},"244":{"start":{"line":245,"column":0},"end":{"line":245,"column":113}},"245":{"start":{"line":246,"column":0},"end":{"line":246,"column":17}},"246":{"start":{"line":247,"column":0},"end":{"line":247,"column":20}},"247":{"start":{"line":248,"column":0},"end":{"line":248,"column":110}},"248":{"start":{"line":249,"column":0},"end":{"line":249,"column":13}},"250":{"start":{"line":251,"column":0},"end":{"line":251,"column":25}},"251":{"start":{"line":252,"column":0},"end":{"line":252,"column":9}},"252":{"start":{"line":253,"column":0},"end":{"line":253,"column":5}},"254":{"start":{"line":255,"column":0},"end":{"line":255,"column":12}},"255":{"start":{"line":256,"column":0},"end":{"line":256,"column":13}},"256":{"start":{"line":257,"column":0},"end":{"line":257,"column":16}},"257":{"start":{"line":258,"column":0},"end":{"line":258,"column":15}},"258":{"start":{"line":259,"column":0},"end":{"line":259,"column":25}},"259":{"start":{"line":260,"column":0},"end":{"line":260,"column":14}},"260":{"start":{"line":261,"column":0},"end":{"line":261,"column":17}},"261":{"start":{"line":262,"column":0},"end":{"line":262,"column":15}},"262":{"start":{"line":263,"column":0},"end":{"line":263,"column":22}},"263":{"start":{"line":264,"column":0},"end":{"line":264,"column":23}},"264":{"start":{"line":265,"column":0},"end":{"line":265,"column":21}},"265":{"start":{"line":266,"column":0},"end":{"line":266,"column":6}},"266":{"start":{"line":267,"column":0},"end":{"line":267,"column":4}},"267":{"start":{"line":268,"column":0},"end":{"line":268,"column":14}},"268":{"start":{"line":269,"column":0},"end":{"line":269,"column":30}},"269":{"start":{"line":270,"column":0},"end":{"line":270,"column":23}},"270":{"start":{"line":271,"column":0},"end":{"line":271,"column":5}},"271":{"start":{"line":272,"column":0},"end":{"line":272,"column":3}}},"s":{"0":1,"1":1,"2":1,"3":1,"4":1,"51":1,"52":1,"53":1,"54":1,"56":1,"58":1,"59":0,"60":0,"62":0,"63":0,"65":0,"66":0,"67":0,"68":0,"70":0,"72":0,"74":0,"75":0,"76":0,"77":0,"78":0,"79":0,"80":0,"81":0,"83":0,"84":0,"86":0,"87":0,"88":0,"90":0,"91":0,"92":0,"94":1,"95":0,"96":0,"98":0,"99":0,"101":0,"102":0,"103":0,"104":0,"106":0,"108":0,"110":0,"111":0,"112":0,"113":0,"114":0,"115":0,"116":0,"117":0,"119":0,"120":0,"122":0,"123":0,"124":0,"126":0,"127":0,"128":0,"130":1,"131":0,"132":0,"134":0,"135":0,"137":0,"140":0,"142":0,"143":0,"145":0,"146":0,"148":0,"149":0,"150":0,"152":0,"153":0,"154":0,"156":1,"157":0,"158":0,"160":0,"161":0,"163":0,"164":0,"165":0,"166":0,"168":0,"170":0,"172":0,"173":0,"174":0,"175":0,"176":0,"177":0,"178":0,"179":0,"181":0,"182":0,"184":0,"185":0,"186":0,"188":0,"189":0,"190":0,"192":1,"193":0,"194":0,"196":0,"197":0,"199":0,"200":0,"201":0,"202":0,"204":0,"206":0,"209":0,"210":0,"211":0,"213":0,"214":0,"215":0,"217":1,"218":0,"219":0,"221":0,"222":0,"224":0,"225":0,"226":0,"227":0,"229":0,"231":0,"233":0,"234":0,"236":0,"237":0,"238":0,"239":0,"240":0,"241":0,"242":0,"243":0,"244":0,"245":0,"246":0,"247":0,"248":0,"250":0,"251":0,"252":0,"254":1,"255":1,"256":1,"257":1,"258":1,"259":1,"260":1,"261":1,"262":1,"263":1,"264":1,"265":1,"266":1,"267":1,"268":1,"269":1,"270":1,"271":1},"branchMap":{"0":{"type":"branch","line":52,"loc":{"start":{"line":52,"column":48},"end":{"line":267,"column":3}},"locations":[{"start":{"line":52,"column":48},"end":{"line":267,"column":3}}]}},"b":{"0":[1]},"fnMap":{"0":{"name":"useAuthStore.persist.storage","decl":{"start":{"line":52,"column":48},"end":{"line":267,"column":3}},"loc":{"start":{"line":52,"column":48},"end":{"line":267,"column":3}},"line":52},"1":{"name":"login","decl":{"start":{"line":59,"column":4},"end":{"line":93,"column":5}},"loc":{"start":{"line":59,"column":4},"end":{"line":93,"column":5}},"line":59},"2":{"name":"register","decl":{"start":{"line":95,"column":4},"end":{"line":129,"column":5}},"loc":{"start":{"line":95,"column":4},"end":{"line":129,"column":5}},"line":95},"3":{"name":"logout","decl":{"start":{"line":131,"column":4},"end":{"line":155,"column":5}},"loc":{"start":{"line":131,"column":4},"end":{"line":155,"column":5}},"line":131},"4":{"name":"udpateProfile","decl":{"start":{"line":157,"column":4},"end":{"line":191,"column":5}},"loc":{"start":{"line":157,"column":4},"end":{"line":191,"column":5}},"line":157},"5"
[...]
tart":{"line":24,"column":0},"end":{"line":24,"column":60}},"24":{"start":{"line":25,"column":0},"end":{"line":25,"column":10}},"25":{"start":{"line":26,"column":0},"end":{"line":26,"column":12}},"26":{"start":{"line":27,"column":0},"end":{"line":27,"column":68}},"27":{"start":{"line":28,"column":0},"end":{"line":28,"column":65}},"28":{"start":{"line":29,"column":0},"end":{"line":29,"column":10}},"29":{"start":{"line":30,"column":0},"end":{"line":30,"column":5}},"31":{"start":{"line":32,"column":0},"end":{"line":32,"column":30}},"32":{"start":{"line":33,"column":0},"end":{"line":33,"column":86}},"33":{"start":{"line":34,"column":0},"end":{"line":34,"column":43}},"34":{"start":{"line":35,"column":0},"end":{"line":35,"column":58}},"35":{"start":{"line":36,"column":0},"end":{"line":36,"column":91}},"36":{"start":{"line":37,"column":0},"end":{"line":37,"column":14}},"37":{"start":{"line":38,"column":0},"end":{"line":38,"column":11}},"38":{"start":{"line":39,"column":0},"end":{"line":39,"column":5}},"40":{"start":{"line":41,"column":0},"end":{"line":41,"column":28}},"41":{"start":{"line":42,"column":0},"end":{"line":42,"column":89}},"42":{"start":{"line":43,"column":0},"end":{"line":43,"column":73}},"43":{"start":{"line":44,"column":0},"end":{"line":44,"column":89}},"45":{"start":{"line":46,"column":0},"end":{"line":46,"column":62}},"46":{"start":{"line":47,"column":0},"end":{"line":47,"column":52}},"47":{"start":{"line":48,"column":0},"end":{"line":48,"column":70}},"48":{"start":{"line":49,"column":0},"end":{"line":49,"column":62}},"49":{"start":{"line":50,"column":0},"end":{"line":50,"column":55}},"50":{"start":{"line":51,"column":0},"end":{"line":51,"column":58}},"52":{"start":{"line":53,"column":0},"end":{"line":53,"column":88}},"53":{"start":{"line":54,"column":0},"end":{"line":54,"column":51}},"54":{"start":{"line":55,"column":0},"end":{"line":55,"column":49}},"55":{"start":{"line":56,"column":0},"end":{"line":56,"column":77}},"57":{"start":{"line":58,"column":0},"end":{"line":58,"column":73}},"58":{"start":{"line":59,"column":0},"end":{"line":59,"column":59}},"59":{"start":{"line":60,"column":0},"end":{"line":60,"column":69}},"60":{"start":{"line":61,"column":0},"end":{"line":61,"column":62}},"61":{"start":{"line":62,"column":0},"end":{"line":62,"column":71}},"62":{"start":{"line":63,"column":0},"end":{"line":63,"column":75}},"63":{"start":{"line":64,"column":0},"end":{"line":64,"column":52}},"64":{"start":{"line":65,"column":0},"end":{"line":65,"column":60}},"65":{"start":{"line":66,"column":0},"end":{"line":66,"column":17}},"66":{"start":{"line":67,"column":0},"end":{"line":67,"column":55}},"67":{"start":{"line":68,"column":0},"end":{"line":68,"column":61}},"69":{"start":{"line":70,"column":0},"end":{"line":70,"column":71}},"70":{"start":{"line":71,"column":0},"end":{"line":71,"column":67}},"71":{"start":{"line":72,"column":0},"end":{"line":72,"column":13}},"73":{"start":{"line":74,"column":0},"end":{"line":74,"column":78}},"74":{"start":{"line":75,"column":0},"end":{"line":75,"column":96}},"75":{"start":{"line":76,"column":0},"end":{"line":76,"column":9}},"77":{"start":{"line":78,"column":0},"end":{"line":78,"column":72}},"78":{"start":{"line":79,"column":0},"end":{"line":79,"column":48}},"79":{"start":{"line":80,"column":0},"end":{"line":80,"column":99}},"81":{"start":{"line":82,"column":0},"end":{"line":82,"column":56}},"82":{"start":{"line":83,"column":0},"end":{"line":83,"column":69}},"83":{"start":{"line":84,"column":0},"end":{"line":84,"column":62}},"84":{"start":{"line":85,"column":0},"end":{"line":85,"column":58}},"85":{"start":{"line":86,"column":0},"end":{"line":86,"column":64}},"86":{"start":{"line":87,"column":0},"end":{"line":87,"column":74}},"88":{"start":{"line":89,"column":0},"end":{"line":89,"column":59}},"89":{"start":{"line":90,"column":0},"end":{"line":90,"column":49}},"90":{"start":{"line":91,"column":0},"end":{"line":91,"column":75}},"91":{"start":{"line":92,"column":0},"end":{"line":92,"column":65}},"92":{"start":{"line":93,"column":0},"end":{"line":93,"column":24}},"93":{"start":{"line":94,"column":0},"end":{"line":94,"column":50}},"94":{"start":{"line":95,"column":0},"end":{"line":95,"column":70}},"95":{"start":{"line":96,"column":0},"end":{"line":96,"column":68}},"96":{"start":{"line":97,"column":0},"end":{"line":97,"column":17}},"98":{"start":{"line":99,"column":0},"end":{"line":99,"column":72}},"99":{"start":{"line":100,"column":0},"end":{"line":100,"column":61}},"101":{"start":{"line":102,"column":0},"end":{"line":102,"column":92}},"102":{"start":{"line":103,"column":0},"end":{"line":103,"column":93}},"103":{"start":{"line":104,"column":0},"end":{"line":104,"column":74}},"104":{"start":{"line":105,"column":0},"end":{"line":105,"column":57}},"105":{"start":{"line":106,"column":0},"end":{"line":106,"column":21}},"107":{"start":{"line":108,"column":0},"end":{"line":108,"column":96}},"108":{"start":{"line":109,"column":0},"end":{"line":109,"column":70}},"109":{"start":{"line":110,"column":0},"end":{"line":110,"column":68}},"110":{"start":{"line":111,"column":0},"end":{"line":111,"column":81}},"111":{"start":{"line":112,"column":0},"end":{"line":112,"column":76}},"112":{"start":{"line":113,"column":0},"end":{"line":113,"column":64}},"113":{"start":{"line":114,"column":0},"end":{"line":114,"column":74}},"114":{"start":{"line":115,"column":0},"end":{"line":115,"column":72}},"115":{"start":{"line":116,"column":0},"end":{"line":116,"column":21}},"117":{"start":{"line":118,"column":0},"end":{"line":118,"column":50}},"118":{"start":{"line":119,"column":0},"end":{"line":119,"column":68}},"119":{"start":{"line":120,"column":0},"end":{"line":120,"column":58}},"120":{"start":{"line":121,"column":0},"end":{"line":121,"column":76}},"121":{"start":{"line":122,"column":0},"end":{"line":122,"column":77}},"122":{"start":{"line":123,"column":0},"end":{"line":123,"column":19}},"123":{"start":{"line":124,"column":0},"end":{"line":124,"column":13}},"125":{"start":{"line":126,"column":0},"end":{"line":126,"column":64}},"126":{"start":{"line":127,"column":0},"end":{"line":127,"column":9}},"127":{"start":{"line":128,"column":0},"end":{"line":128,"column":9}},"129":{"start":{"line":130,"column":0},"end":{"line":130,"column":31}},"130":{"start":{"line":131,"column":0},"end":{"line":131,"column":89}},"132":{"start":{"line":133,"column":0},"end":{"line":133,"column":50}},"133":{"start":{"line":134,"column":0},"end":{"line":134,"column":82}},"134":{"start":{"line":135,"column":0},"end":{"line":135,"column":66}},"136":{"start":{"line":137,"column":0},"end":{"line":137,"column":51}},"138":{"start":{"line":139,"column":0},"end":{"line":139,"column":128}},"139":{"start":{"line":140,"column":0},"end":{"line":140,"column":53}},"140":{"start":{"line":141,"column":0},"end":{"line":141,"column":55}},"141":{"start":{"line":142,"column":0},"end":{"line":142,"column":20}},"142":{"start":{"line":143,"column":0},"end":{"line":143,"column":54}},"143":{"start":{"line":144,"column":0},"end":{"line":144,"column":54}},"144":{"start":{"line":145,"column":0},"end":{"line":145,"column":13}},"146":{"start":{"line":147,"column":0},"end":{"line":147,"column":63}},"147":{"start":{"line":148,"column":0},"end":{"line":148,"column":45}},"149":{"start":{"line":150,"column":0},"end":{"line":150,"column":94}},"150":{"start":{"line":151,"column":0},"end":{"line":151,"column":27}},"151":{"start":{"line":152,"column":0},"end":{"line":152,"column":17}},"153":{"start":{"line":154,"column":0},"end":{"line":154,"column":35}},"155":{"start":{"line":156,"column":0},"end":{"line":156,"column":62}},"156":{"start":{"line":157,"column":0},"end":{"line":157,"column":61}},"157":{"start":{"line":158,"column":0},"end":{"line":158,"column":27}},"158":{"start":{"line":159,"column":0},"end":{"line":159,"column":17}},"160":{"start":{"line":161,"column":0},"end":{"line":161,"column":98}},"162":{"start":{"line":163,"column":0},"end":{"line":163,"column":52}},"163":{"start":{"line":164,"column":0},"end":{"line":164,"column":53}},"164":{"start":{"line":165,"column":0},"end":{"line":165,"column":57}},"165":{"start":{"line":166,"column":0},"end":{"line":166,"column":58}},"167":{"start":{"line":168,"column":0},"end":{"line":168,"column":80}},"168":{"start":{"line":169,"column":0},"end":{"line":169,"column":70}},"169":{"start":{"line":170,"column":0},"end":{"line":170,"column":27}},"170":{"start":{"line":171,"column":0},"end":{"line":171,"column":17}},"172":{"start":{"line":173,"column":0},"end":{"line":173,"column":75}},"173":{"start":{"line":174,"column":0},"end":{"line":174,"column":90}},"174":{"start":{"line":175,"column":0},"end":{"line":175,"column":17}},"176":{"start":{"line":177,"column":0},"end":{"line":177,"column":54}},"177":{"start":{"line":178,"column":0},"end":{"line":178,"column":90}},"178":{"start":{"line":179,"column":0},"end":{"line":179,"column":80}},"179":{"start":{"line":180,"column":0},"end":{"line":180,"column":96}},"180":{"start":{"line":181,"column":0},"end":{"line":181,"column":15}},"182":{"start":{"line":183,"column":0},"end":{"line":183,"column":62}},"183":{"start":{"line":184,"column":0},"end":{"line":184,"column":9}},"184":{"start":{"line":185,"column":0},"end":{"line":185,"column":9}},"186":{"start":{"line":187,"column":0},"end":{"line":187,"column":31}},"187":{"start":{"line":188,"column":0},"end":{"line":188,"column":93}},"188":{"start":{"line":189,"column":0},"end":{"line":189,"column":59}},"189":{"start":{"line":190,"column":0},"end":{"line":190,"column":32}},"190":{"start":{"line":191,"column":0},"end":{"line":191,"column":45}},"191":{"start":{"line":192,"column":0},"end":{"line":192,"column":68}},"192":{"start":{"line":193,"column":0},"end":{"line":193,"column":52}},"193":{"start":{"line":194,"column":0},"end":{"line":194,"column":112}},"194":{"start":{"line":195,"column":0},"end":{"line":195,"column":28}},"195":{"start":{"line":196,"column":0},"end":{"line":196,"column":32}},"196":{"start":{"line":197,"column":0},"end":{"line":197,"column":29}},"197":{"start":{"line":198,"column":0},"end":{"line":198,"column":31}},"198":{"start":{"line":199,"column":0},"end":{"line":199,"column":45}},"199":{"start":{"line":200,"column":0},"end":{"line":200,"column":31}},"200":{"start":{"line":201,"column":0},"end":{"line":201,"column":43}},"201":{"start":{"line":202,"column":0},"end":{"line":202,"column":57}},"202":{"start":{"line":203,"column":0},"end":{"line":203,"column":45}},"203":{"start":{"line":204,"column":0},"end":{"line":204,"column":13}},"204":{"start":{"line":205,"column":0},"end":{"line":205,"column":42}},"205":{"start":{"line":206,"column":0},"end":{"line":206,"column":48}},"206":{"start":{"line":207,"column":0},"end":{"line":207,"column":48}},"207":{"start":{"line":208,"column":0},"end":{"line":208,"column":51}},"208":{"start":{"line":209,"column":0},"end":{"line":209,"column":59}},"209":{"start":{"line":210,"column":0},"end":{"line":210,"column":17}},"210":{"start":{"line":211,"column":0},"end":{"line":211,"column":41}},"211":{"start":{"line":212,"column":0},"end":{"line":212,"column":27}},"212":{"start":{"line":213,"column":0},"end":{"line":213,"column":17}},"213":{"start":{"line":214,"column":0},"end":{"line":214,"column":58}},"214":{"start":{"line":215,"column":0},"end":{"line":215,"column":60}},"215":{"start":{"line":216,"column":0},"end":{"line":216,"column":35}},"216":{"start":{"line":217,"column":0},"end":{"line":217,"column":28}},"217":{"start":{"line":218,"column":0},"end":{"line":218,"column":35}},"218":{"start":{"line":219,"column":0},"end":{"line":219,"column":57}},"219":{"start":{"line":220,"column":0},"end":{"line":220,"column":24}},"220":{"start":{"line":221,"column":0},"end":{"line":221,"column":45}},"221":{"start":{"line":222,"column":0},"end":{"line":222,"column":17}},"222":{"start":{"line":223,"column":0},"end":{"line":223,"column":46}},"223":{"start":{"line":224,"column":0},"end":{"line":224,"column":181}},"224":{"start":{"line":225,"column":0},"end":{"line":225,"column":35}},"225":{"start":{"line":226,"column":0},"end":{"line":226,"column":41}},"226":{"start":{"line":227,"column":0},"end":{"line":227,"column":63}},"227":{"start":{"line":228,"column":0},"end":{"line":228,"column":44}},"228":{"start":{"line":229,"column":0},"end":{"line":229,"column":99}},"229":{"start":{"line":230,"column":0},"end":{"line":230,"column":89}},"230":{"start":{"line":231,"column":0},"end":{"line":231,"column":72}},"231":{"start":{"line":232,"column":0},"end":{"line":232,"column":29}},"232":{"start":{"line":233,"column":0},"end":{"line":233,"column":27}},"233":{"start":{"line":234,"column":0},"end":{"line":234,"column":54}},"234":{"start":{"line":235,"column":0},"end":{"line":235,"column":50}},"235":{"start":{"line":236,"column":0},"end":{"line":236,"column":91}},"236":{"start":{"line":237,"column":0},"end":{"line":237,"column":35}},"237":{"start":{"line":238,"column":0},"end":{"line":238,"column":25}},"238":{"start":{"line":239,"column":0},"end":{"line":239,"column":100}},"239":{"start":{"line":240,"column":0},"end":{"line":240,"column":41}},"240":{"start":{"line":241,"column":0},"end":{"line":241,"column":66}},"241":{"start":{"line":242,"column":0},"end":{"line":242,"column":46}},"242":{"start":{"line":243,"column":0},"end":{"line":243,"column":75}},"243":{"start":{"line":244,"column":0},"end":{"line":244,"column":40}},"244":{"start":{"line":245,"column":0},"end":{"line":245,"column":78}},"245":{"start":{"line":246,"column":0},"end":{"line":246,"column":33}},"246":{"start":{"line":247,"column":0},"end":{"line":247,"column":36}},"247":{"start":{"line":248,"column":0},"end":{"line":248,"column":69}},"248":{"start":{"line":249,"column":0},"end":{"line":249,"column":74}},"249":{"start":{"line":250,"column":0},"end":{"line":250,"column":29}},"250":{"start":{"line":251,"column":0},"end":{"line":251,"column":27}},"251":{"start":{"line":252,"column":0},"end":{"line":252,"column":99}},"252":{"start":{"line":253,"column":0},"end":{"line":253,"column":76}},"253":{"start":{"line":254,"column":0},"end":{"line":254,"column":69}},"254":{"start":{"line":255,"column":0},"end":{"line":255,"column":36}},"255":{"start":{"line":256,"column":0},"end":{"line":256,"column":72}},"256":{"start":{"line":257,"column":0},"end":{"line":257,"column":29}},"257":{"start":{"line":258,"column":0},"end":{"line":258,"column":27}},"258":{"start":{"line":259,"column":0},"end":{"line":259,"column":21}},"259":{"start":{"line":260,"column":0},"end":{"line":260,"column":19}},"260":{"start":{"line":261,"column":0},"end":{"line":261,"column":40}},"261":{"start":{"line":262,"column":0},"end":{"line":262,"column":79}},"262":{"start":{"line":263,"column":0},"end":{"line":263,"column":46}},"263":{"start":{"line":264,"column":0},"end":{"line":264,"column":43}},"264":{"start":{"line":265,"column":0},"end":{"line":265,"column":51}},"265":{"start":{"line":266,"column":0},"end":{"line":266,"column":56}},"266":{"start":{"line":267,"column":0},"end":{"line":267,"column":21}},"267":{"start":{"line":268,"column":0},"end":{"line":268,"column":17}},"268":{"start":{"line":269,"column":0},"end":{"line":269,"column":29}},"269":{"start":{"line":270,"column":0},"end":{"line":270,"column":47}},"270":{"start":{"line":271,"column":0},"end":{"line":271,"column":24}},"271":{"start":{"line":272,"column":0},"end":{"line":272,"column":107}},"272":{"start":{"line":273,"column":0},"end":{"line":273,"column":64}},"273":{"start":{"line":274,"column":0},"end":{"line":274,"column":23}},"274":{"start":{"line":275,"column":0},"end":{"line":275,"column":17}},"275":{"start":{"line":276,"column":0},"end":{"line":276,"column":40}},"276":{"start":{"line":277,"column":0},"end":{"line":277,"column":15}},"278":{"start":{"line":279,"column":0},"end":{"line":279,"column":45}},"279":{"start":{"line":280,"column":0},"end":{"line":280,"column":41}},"280":{"start":{"line":281,"column":0},"end":{"line":281,"column":45}},"281":{"start":{"line":282,"column":0},"end":{"line":282,"column":13}},"282":{"start":{"line":283,"column":0},"end":{"line":283,"column":11}},"283":{"start":{"line":284,"column":0},"end":{"line":284,"column":9}},"284":{"start":{"line":285,"column":0},"end":{"line":285,"column":5}},"285":{"start":{"line":286,"column":0},"end":{"line":286,"column":7}}},"s":{"0":0,"1":0,"2":0,"3":0,"4":0,"6":0,"7":0,"8":0,"9":0,"10":0,"11":0,"12":0,"13":0,"14":0,"15":0,"16":0,"18":0,"20":0,"21":0,"22":0,"23":0,"24":0,"25":0,"26":0,"27":0,"28":0,"29":0,"31":0,"32":0,"33":0,"34":0,"35":0,"36":0,"37":0,"38":0,"40":0,"41":0,"42":0,"43":0,"45":0,"46":0,"47":0,"48":0,"49":0,"50":0,"52":0,"53":0,"54":0,"55":0,"57":0,"58":0,"59":0,"60":0,"61":0,"62":0,"63":0,"64":0,"65":0,"66":0,"67":0,"69":0,"70":0,"71":0,"73":0,"74":0,"75":0,"77":0,"78":0,"79":0,"81":0,"82":0,"83":0,"84":0,"85":0,"86":0,"88":0,"89":0,"90":0,"91":0,"92":0,"93":0,"94":0,"95":0,"96":0,"98":0,"99":0,"101":0,"102":0,"103":0,"104":0,"105":0,"107":0,"108":0,"109":0,"110":0,"111":0,"112":0,"113":0,"114":0,"115":0,"117":0,"118":0,"119":0,"120":0,"121":0,"122":0,"123":0,"125":0,"126":0,"127":0,"129":0,"130":0,"132":0,"133":0,"134":0,"136":0,"138":0,"139":0,"140":0,"141":0,"142":0,"143":0,"144":0,"146":0,"147":0,"149":0,"150":0,"151":0,"153":0,"155":0,"156":0,"157":0,"158":0,"160":0,"162":0,"163":0,"164":0,"165":0,"167":0,"168":0,"169":0,"170":0,"172":0,"173":0,"174":0,"176":0,"177":0,"178":0,"179":0,"180":0,"182":0,"183":0,"184":0,"186":0,"187":0,"188":0,"189":0,"190":0,"191":0,"192":0,"193":0,"194":0,"195":0,"196":0,"197":0,"198":0,"199":0,"200":0,"201":0,"202":0,"203":0,"204":0,"205":0,"206":0,"207":0,"208":0,"209":0,"210":0,"211":0,"212":0,"213":0,"214":0,"215":0,"216":0,"217":0,"218":0,"219":0,"220":0,"221":0,"222":0,"223":0,"224":0,"225":0,"226":0,"227":0,"228":0,"229":0,"230":0,"231":0,"232":0,"233":0,"234":0,"235":0,"236":0,"237":0,"238":0,"239":0,"240":0,"241":0,"242":0,"243":0,"244":0,"245":0,"246":0,"247":0,"248":0,"249":0,"250":0,"251":0,"252":0,"253":0,"254":0,"255":0,"256":0,"257":0,"258":0,"259":0,"260":0,"261":0,"262":0,"263":0,"264":0,"265":0,"266":0,"267":0,"268":0,"269":0,"270":0,"271":0,"272":0,"273":0,"274":0,"275":0,"276":0,"278":0,"279":0,"280":0,"281":0,"282":0,"283":0,"284":0,"285":0},"branchMap":{"0":{"type":"branch","line":1,"loc":{"start":{"line":1,"column":0},"end":{"line":286,"column":-14}},"locations":[{"start":{"line":1,"column":0},"end":{"line":286,"column":-14}}]}},"b":{"0":[0]},"fnMap":{"0":{"name":"(empty-report)","decl":{"start":{"line":1,"column":0},"end":{"line":286,"column":-14}},"loc":{"start":{"line":1,"column":0},"end":{"line":286,"column":-14}},"line":1}},"f":{"0":0}}
,"C:\\Users\\olabi\\Projects\\PhpstormProjects\\aql-project\\vendor\\symfony\\var-dumper\\Resources\\js\\htmlDescriptor.js": {"path":"C:\\Users\\olabi\\Projects\\PhpstormProjects\\aql-project\\vendor\\symfony\\var-dumper\\Resources\\js\\htmlDescriptor.js","all":true,"statementMap":{"0":{"start":{"line":1,"column":0},"end":{"line":1,"column":58}},"1":{"start":{"line":2,"column":0},"end":{"line":2,"column":18}},"2":{"start":{"line":3,"column":0},"end":{"line":3,"column":93}},"3":{"start":{"line":4,"column":0},"end":{"line":4,"column":44}},"4":{"start":{"line":5,"column":0},"end":{"line":5,"column":27}},"5":{"start":{"line":6,"column":0},"end":{"line":6,"column":72}},"6":{"start":{"line":7,"column":0},"end":{"line":7,"column":5}},"7":{"start":{"line":8,"column":0},"end":{"line":8,"column":19}},"8":{"start":{"line":9,"column":0},"end":{"line":9,"column":5}},"9":{"start":{"line":10,"column":0},"end":{"line":10,"column":3}}},"s":{"0":0,"1":0,"2":0,"3":0,"4":0,"5":0,"6":0,"7":0,"8":0,"9":0},"branchMap":{"0":{"type":"branch","line":1,"loc":{"start":{"line":1,"column":0},"end":{"line":10,"column":3}},"locations":[{"start":{"line":1,"column":0},"end":{"line":10,"column":3}}]}},"b":{"0":[0]},"fnMap":{"0":{"name":"(empty-report)","decl":{"start":{"line":1,"column":0},"end":{"line":10,"column":3}},"loc":{"start":{"line":1,"column":0},"end":{"line":10,"column":3}},"line":1}},"f":{"0":0}}
}
